==2095883== Memcheck, a memory error detector
==2095883== Copyright (C) 2002-2017, and GNU GPL'd, by Julian Seward et al.
==2095883== Using Valgrind-3.18.1-42b08ed5bd-20211015 and LibVEX; rerun with -h for copyright info
==2095883== Command: ./miniRT scenes/invalid_scenes/invalid_camera.rt
==2095883== Parent PID: 2095882
==2095883== 
--2095883-- 
--2095883-- Valgrind options:
--2095883--    --leak-check=full
--2095883--    --show-leak-kinds=all
--2095883--    --track-origins=yes
--2095883--    --verbose
--2095883--    --log-file=outs_valgrind/010_invalid_camera_valgrind.log
--2095883-- Contents of /proc/version:
--2095883--   Linux version 5.15.0-161-generic (buildd@lcy02-amd64-072) (gcc (Ubuntu 11.4.0-1ubuntu1~22.04.2) 11.4.0, GNU ld (GNU Binutils for Ubuntu) 2.38) #171-Ubuntu SMP Sat Oct 11 08:17:01 UTC 2025
--2095883-- 
--2095883-- Arch and hwcaps: AMD64, LittleEndian, amd64-cx16-lzcnt-rdtscp-sse3-ssse3-avx-avx2-bmi-f16c-rdrand-rdseed
--2095883-- Page sizes: currently 4096, max supported 4096
--2095883-- Valgrind library directory: /usr/libexec/valgrind
--2095883-- Reading syms from /home/ravazque/Desktop/otherProjects/minirt/miniRT
--2095883-- Reading syms from /usr/lib/x86_64-linux-gnu/ld-linux-x86-64.so.2
--2095883--   Considering /usr/lib/debug/.build-id/ac/af96d7b1a6bad57b559d646233d5dc1a23257c.debug ..
--2095883--   .. build-id is valid
--2095883-- Reading syms from /usr/libexec/valgrind/memcheck-amd64-linux
--2095883--    object doesn't have a symbol table
--2095883--    object doesn't have a dynamic symbol table
--2095883-- Scheduler: using generic scheduler lock implementation.
--2095883-- Reading suppressions file: /usr/libexec/valgrind/default.supp
==2095883== embedded gdbserver: reading from /tmp/vgdb-pipe-from-vgdb-to-2095883-by-ravazque-on-???
==2095883== embedded gdbserver: writing to   /tmp/vgdb-pipe-to-vgdb-from-2095883-by-ravazque-on-???
==2095883== embedded gdbserver: shared mem   /tmp/vgdb-pipe-shared-mem-vgdb-2095883-by-ravazque-on-???
==2095883== 
==2095883== TO CONTROL THIS PROCESS USING vgdb (which you probably
==2095883== don't want to do, unless you know exactly what you're doing,
==2095883== or are doing some strange experiment):
==2095883==   /usr/bin/vgdb --pid=2095883 ...command...
==2095883== 
==2095883== TO DEBUG THIS PROCESS USING GDB: start GDB like this
==2095883==   /path/to/gdb ./miniRT
==2095883== and then give GDB the following command
==2095883==   target remote | /usr/bin/vgdb --pid=2095883
==2095883== --pid is optional if only one valgrind process is running
==2095883== 
--2095883-- REDIR: 0x402aa40 (ld-linux-x86-64.so.2:strlen) redirected to 0x580bcec2 (???)
--2095883-- REDIR: 0x402a810 (ld-linux-x86-64.so.2:index) redirected to 0x580bcedc (???)
--2095883-- Reading syms from /usr/libexec/valgrind/vgpreload_core-amd64-linux.so
--2095883--    object doesn't have a symbol table
--2095883-- Reading syms from /usr/libexec/valgrind/vgpreload_memcheck-amd64-linux.so
--2095883--    object doesn't have a symbol table
==2095883== WARNING: new redirection conflicts with existing -- ignoring it
--2095883--     old: 0x0402aa40 (strlen              ) R-> (0000.0) 0x580bcec2 ???
--2095883--     new: 0x0402aa40 (strlen              ) R-> (2007.0) 0x0484ee30 strlen
--2095883-- REDIR: 0x4027220 (ld-linux-x86-64.so.2:strcmp) redirected to 0x484fcd0 (strcmp)
--2095883-- REDIR: 0x402afa0 (ld-linux-x86-64.so.2:mempcpy) redirected to 0x4853840 (mempcpy)
--2095883-- Reading syms from /usr/lib/x86_64-linux-gnu/libXext.so.6.4.0
--2095883--    object doesn't have a symbol table
--2095883-- Reading syms from /usr/lib/x86_64-linux-gnu/libX11.so.6.4.0
--2095883--    object doesn't have a symbol table
--2095883-- Reading syms from /usr/lib/x86_64-linux-gnu/libm.so.6
--2095883--   Considering /usr/lib/debug/.build-id/b2/b4cd0f73a7c7a6da5ba4126bceb33ce68853d5.debug ..
--2095883--   .. build-id is valid
--2095883-- Reading syms from /usr/lib/x86_64-linux-gnu/libz.so.1.2.11
--2095883--    object doesn't have a symbol table
--2095883-- Reading syms from /usr/lib/x86_64-linux-gnu/libc.so.6
--2095883--   Considering /usr/lib/debug/.build-id/4f/7b0c955c3d81d7cac1501a2498b69d1d82bfe7.debug ..
--2095883--   .. build-id is valid
==2095883== WARNING: new redirection conflicts with existing -- ignoring it
--2095883--     old: 0x04b71c60 (memalign            ) R-> (1011.0) 0x0484e080 memalign
--2095883--     new: 0x04b71c60 (memalign            ) R-> (1017.0) 0x0484e050 aligned_alloc
==2095883== WARNING: new redirection conflicts with existing -- ignoring it
--2095883--     old: 0x04b71c60 (memalign            ) R-> (1011.0) 0x0484e080 memalign
--2095883--     new: 0x04b71c60 (memalign            ) R-> (1017.0) 0x0484e020 aligned_alloc
==2095883== WARNING: new redirection conflicts with existing -- ignoring it
--2095883--     old: 0x04b71c60 (memalign            ) R-> (1011.0) 0x0484e080 memalign
--2095883--     new: 0x04b71c60 (memalign            ) R-> (1017.0) 0x0484e050 aligned_alloc
==2095883== WARNING: new redirection conflicts with existing -- ignoring it
--2095883--     old: 0x04b71c60 (memalign            ) R-> (1011.0) 0x0484e080 memalign
--2095883--     new: 0x04b71c60 (memalign            ) R-> (1017.0) 0x0484e020 aligned_alloc
--2095883-- Reading syms from /usr/lib/x86_64-linux-gnu/libxcb.so.1.1.0
--2095883--    object doesn't have a symbol table
--2095883-- Reading syms from /usr/lib/x86_64-linux-gnu/libXau.so.6.0.0
--2095883--    object doesn't have a symbol table
--2095883-- Reading syms from /usr/lib/x86_64-linux-gnu/libXdmcp.so.6.0.0
--2095883--    object doesn't have a symbol table
--2095883-- Reading syms from /usr/lib/x86_64-linux-gnu/libbsd.so.0.11.5
--2095883--    object doesn't have a symbol table
--2095883-- Reading syms from /usr/lib/x86_64-linux-gnu/libmd.so.0.0.5
--2095883--    object doesn't have a symbol table
--2095883-- REDIR: 0x4b74720 (libc.so.6:strnlen) redirected to 0x483f220 (_vgnU_ifunc_wrapper)
--2095883-- REDIR: 0x4b749e0 (libc.so.6:strpbrk) redirected to 0x483f220 (_vgnU_ifunc_wrapper)
--2095883-- REDIR: 0x4b742e0 (libc.so.6:strcmp) redirected to 0x483f220 (_vgnU_ifunc_wrapper)
--2095883-- REDIR: 0x4b92cd0 (libc.so.6:wcsnlen) redirected to 0x483f220 (_vgnU_ifunc_wrapper)
--2095883-- REDIR: 0x4b756d0 (libc.so.6:memset) redirected to 0x483f220 (_vgnU_ifunc_wrapper)
--2095883-- REDIR: 0x4b91540 (libc.so.6:wcslen) redirected to 0x483f220 (_vgnU_ifunc_wrapper)
--2095883-- REDIR: 0x4b75c10 (libc.so.6:memcpy@@GLIBC_2.14) redirected to 0x483f220 (_vgnU_ifunc_wrapper)
--2095883-- REDIR: 0x4b91370 (libc.so.6:wcschr) redirected to 0x483f220 (_vgnU_ifunc_wrapper)
--2095883-- REDIR: 0x4b74260 (libc.so.6:index) redirected to 0x483f220 (_vgnU_ifunc_wrapper)
--2095883-- REDIR: 0x4b74960 (libc.so.6:rindex) redirected to 0x483f220 (_vgnU_ifunc_wrapper)
--2095883-- REDIR: 0x4b755a0 (libc.so.6:memmove) redirected to 0x483f220 (_vgnU_ifunc_wrapper)
==2095883== Preferring higher priority redirection:
--2095883--     old: 0x04c6c840 (__memcpy_avx_unalign) R-> (2018.0) 0x04850f90 __memcpy_avx_unaligned_erms
--2095883--     new: 0x04c6c840 (__memcpy_avx_unalign) R-> (2018.1) 0x04852880 memmove
--2095883-- REDIR: 0x4b913f0 (libc.so.6:wcscmp) redirected to 0x483f220 (_vgnU_ifunc_wrapper)
--2095883-- REDIR: 0x4b759e0 (libc.so.6:stpncpy) redirected to 0x483f220 (_vgnU_ifunc_wrapper)
--2095883-- REDIR: 0x4b919b0 (libc.so.6:wmemchr) redirected to 0x483f220 (_vgnU_ifunc_wrapper)
--2095883-- REDIR: 0x4b74830 (libc.so.6:strncmp) redirected to 0x483f220 (_vgnU_ifunc_wrapper)
--2095883-- REDIR: 0x4b75a70 (libc.so.6:strcasecmp) redirected to 0x483f220 (_vgnU_ifunc_wrapper)
--2095883-- REDIR: 0x4b74420 (libc.so.6:strcspn) redirected to 0x483f220 (_vgnU_ifunc_wrapper)
--2095883-- REDIR: 0x4b91470 (libc.so.6:wcscpy) redirected to 0x483f220 (_vgnU_ifunc_wrapper)
--2095883-- REDIR: 0x4b741d0 (libc.so.6:strcat) redirected to 0x483f220 (_vgnU_ifunc_wrapper)
--2095883-- REDIR: 0x4b75b60 (libc.so.6:strncasecmp_l) redirected to 0x483f220 (_vgnU_ifunc_wrapper)
--2095883-- REDIR: 0x4b75480 (libc.so.6:bcmp) redirected to 0x483f220 (_vgnU_ifunc_wrapper)
--2095883-- REDIR: 0x4b7d570 (libc.so.6:memrchr) redirected to 0x483f220 (_vgnU_ifunc_wrapper)
--2095883-- REDIR: 0x4b77010 (libc.so.6:strchrnul) redirected to 0x483f220 (_vgnU_ifunc_wrapper)
--2095883-- REDIR: 0x4b74390 (libc.so.6:strcpy) redirected to 0x483f220 (_vgnU_ifunc_wrapper)
--2095883-- REDIR: 0x4b75b10 (libc.so.6:strcasecmp_l) redirected to 0x483f220 (_vgnU_ifunc_wrapper)
--2095883-- REDIR: 0x4b746a0 (libc.so.6:strlen) redirected to 0x483f220 (_vgnU_ifunc_wrapper)
--2095883-- REDIR: 0x4b748d0 (libc.so.6:strncpy) redirected to 0x483f220 (_vgnU_ifunc_wrapper)
--2095883-- REDIR: 0x4b75950 (libc.so.6:stpcpy) redirected to 0x483f220 (_vgnU_ifunc_wrapper)
--2095883-- REDIR: 0x4b753f0 (libc.so.6:memchr) redirected to 0x483f220 (_vgnU_ifunc_wrapper)
--2095883-- REDIR: 0x4b74b00 (libc.so.6:strspn) redirected to 0x483f220 (_vgnU_ifunc_wrapper)
--2095883-- REDIR: 0x4b757d0 (libc.so.6:mempcpy) redirected to 0x483f220 (_vgnU_ifunc_wrapper)
--2095883-- REDIR: 0x4b75ac0 (libc.so.6:strncasecmp) redirected to 0x483f220 (_vgnU_ifunc_wrapper)
--2095883-- REDIR: 0x4b76f80 (libc.so.6:rawmemchr) redirected to 0x483f220 (_vgnU_ifunc_wrapper)
--2095883-- REDIR: 0x4c69690 (libc.so.6:__strrchr_avx2) redirected to 0x484e810 (rindex)
--2095883-- REDIR: 0x4b710a0 (libc.so.6:malloc) redirected to 0x4848820 (malloc)
--2095883-- REDIR: 0x4b713e0 (libc.so.6:free) redirected to 0x484b210 (free)
==2095883== 
==2095883== HEAP SUMMARY:
==2095883==     in use at exit: 1,000 bytes in 69 blocks
==2095883==   total heap usage: 142 allocs, 73 frees, 9,216 bytes allocated
==2095883== 
==2095883== Searching for pointers to 69 not-freed blocks
==2095883== Checked 177,000 bytes
==2095883== 
==2095883== 3 bytes in 1 blocks are still reachable in loss record 1 of 45
==2095883==    at 0x4848899: malloc (in /usr/libexec/valgrind/vgpreload_memcheck-amd64-linux.so)
==2095883==    by 0x40D641: ft_strdup (in /home/ravazque/Desktop/otherProjects/minirt/miniRT)
==2095883==    by 0x40AE5D: object_parser (in /home/ravazque/Desktop/otherProjects/minirt/miniRT)
==2095883==    by 0x409DD7: primitive_escene_t_asignation (in /home/ravazque/Desktop/otherProjects/minirt/miniRT)
==2095883==    by 0x40B96B: escene_primiteve_contructor (in /home/ravazque/Desktop/otherProjects/minirt/miniRT)
==2095883==    by 0x40536D: escene_constructor (in /home/ravazque/Desktop/otherProjects/minirt/miniRT)
==2095883==    by 0x4067E6: main (in /home/ravazque/Desktop/otherProjects/minirt/miniRT)
==2095883== 
==2095883== 5 bytes in 1 blocks are still reachable in loss record 2 of 45
==2095883==    at 0x4848899: malloc (in /usr/libexec/valgrind/vgpreload_memcheck-amd64-linux.so)
==2095883==    by 0x40CCAC: ft_calloc (in /home/ravazque/Desktop/otherProjects/minirt/miniRT)
==2095883==    by 0x40A801: ambient_light_parser (in /home/ravazque/Desktop/otherProjects/minirt/miniRT)
==2095883==    by 0x409E31: primitive_escene_t_asignation (in /home/ravazque/Desktop/otherProjects/minirt/miniRT)
==2095883==    by 0x40B96B: escene_primiteve_contructor (in /home/ravazque/Desktop/otherProjects/minirt/miniRT)
==2095883==    by 0x40536D: escene_constructor (in /home/ravazque/Desktop/otherProjects/minirt/miniRT)
==2095883==    by 0x4067E6: main (in /home/ravazque/Desktop/otherProjects/minirt/miniRT)
==2095883== 
==2095883== 5 bytes in 1 blocks are still reachable in loss record 3 of 45
==2095883==    at 0x4848899: malloc (in /usr/libexec/valgrind/vgpreload_memcheck-amd64-linux.so)
==2095883==    by 0x40CCAC: ft_calloc (in /home/ravazque/Desktop/otherProjects/minirt/miniRT)
==2095883==    by 0x40AA2F: light_parser (in /home/ravazque/Desktop/otherProjects/minirt/miniRT)
==2095883==    by 0x409E63: primitive_escene_t_asignation (in /home/ravazque/Desktop/otherProjects/minirt/miniRT)
==2095883==    by 0x40B96B: escene_primiteve_contructor (in /home/ravazque/Desktop/otherProjects/minirt/miniRT)
==2095883==    by 0x40536D: escene_constructor (in /home/ravazque/Desktop/otherProjects/minirt/miniRT)
==2095883==    by 0x4067E6: main (in /home/ravazque/Desktop/otherProjects/minirt/miniRT)
==2095883== 
==2095883== 5 bytes in 1 blocks are still reachable in loss record 4 of 45
==2095883==    at 0x4848899: malloc (in /usr/libexec/valgrind/vgpreload_memcheck-amd64-linux.so)
==2095883==    by 0x40CCAC: ft_calloc (in /home/ravazque/Desktop/otherProjects/minirt/miniRT)
==2095883==    by 0x40B32E: object_parser (in /home/ravazque/Desktop/otherProjects/minirt/miniRT)
==2095883==    by 0x409DD7: primitive_escene_t_asignation (in /home/ravazque/Desktop/otherProjects/minirt/miniRT)
==2095883==    by 0x40B96B: escene_primiteve_contructor (in /home/ravazque/Desktop/otherProjects/minirt/miniRT)
==2095883==    by 0x40536D: escene_constructor (in /home/ravazque/Desktop/otherProjects/minirt/miniRT)
==2095883==    by 0x4067E6: main (in /home/ravazque/Desktop/otherProjects/minirt/miniRT)
==2095883== 
==2095883== 5 bytes in 1 blocks are still reachable in loss record 5 of 45
==2095883==    at 0x4848899: malloc (in /usr/libexec/valgrind/vgpreload_memcheck-amd64-linux.so)
==2095883==    by 0x40CCAC: ft_calloc (in /home/ravazque/Desktop/otherProjects/minirt/miniRT)
==2095883==    by 0x40B3BC: object_parser (in /home/ravazque/Desktop/otherProjects/minirt/miniRT)
==2095883==    by 0x409DD7: primitive_escene_t_asignation (in /home/ravazque/Desktop/otherProjects/minirt/miniRT)
==2095883==    by 0x40B96B: escene_primiteve_contructor (in /home/ravazque/Desktop/otherProjects/minirt/miniRT)
==2095883==    by 0x40536D: escene_constructor (in /home/ravazque/Desktop/otherProjects/minirt/miniRT)
==2095883==    by 0x4067E6: main (in /home/ravazque/Desktop/otherProjects/minirt/miniRT)
==2095883== 
==2095883== 9 bytes in 1 blocks are still reachable in loss record 6 of 45
==2095883==    at 0x4848899: malloc (in /usr/libexec/valgrind/vgpreload_memcheck-amd64-linux.so)
==2095883==    by 0x40CCAC: ft_calloc (in /home/ravazque/Desktop/otherProjects/minirt/miniRT)
==2095883==    by 0x409D77: primitive_escene_t_asignation (in /home/ravazque/Desktop/otherProjects/minirt/miniRT)
==2095883==    by 0x40B96B: escene_primiteve_contructor (in /home/ravazque/Desktop/otherProjects/minirt/miniRT)
==2095883==    by 0x40536D: escene_constructor (in /home/ravazque/Desktop/otherProjects/minirt/miniRT)
==2095883==    by 0x4067E6: main (in /home/ravazque/Desktop/otherProjects/minirt/miniRT)
==2095883== 
==2095883== 9 bytes in 1 blocks are still reachable in loss record 7 of 45
==2095883==    at 0x4848899: malloc (in /usr/libexec/valgrind/vgpreload_memcheck-amd64-linux.so)
==2095883==    by 0x40CCAC: ft_calloc (in /home/ravazque/Desktop/otherProjects/minirt/miniRT)
==2095883==    by 0x409D8A: primitive_escene_t_asignation (in /home/ravazque/Desktop/otherProjects/minirt/miniRT)
==2095883==    by 0x40B96B: escene_primiteve_contructor (in /home/ravazque/Desktop/otherProjects/minirt/miniRT)
==2095883==    by 0x40536D: escene_constructor (in /home/ravazque/Desktop/otherProjects/minirt/miniRT)
==2095883==    by 0x4067E6: main (in /home/ravazque/Desktop/otherProjects/minirt/miniRT)
==2095883== 
==2095883== 9 bytes in 1 blocks are still reachable in loss record 8 of 45
==2095883==    at 0x4848899: malloc (in /usr/libexec/valgrind/vgpreload_memcheck-amd64-linux.so)
==2095883==    by 0x40CCAC: ft_calloc (in /home/ravazque/Desktop/otherProjects/minirt/miniRT)
==2095883==    by 0x409D9D: primitive_escene_t_asignation (in /home/ravazque/Desktop/otherProjects/minirt/miniRT)
==2095883==    by 0x40B96B: escene_primiteve_contructor (in /home/ravazque/Desktop/otherProjects/minirt/miniRT)
==2095883==    by 0x40536D: escene_constructor (in /home/ravazque/Desktop/otherProjects/minirt/miniRT)
==2095883==    by 0x4067E6: main (in /home/ravazque/Desktop/otherProjects/minirt/miniRT)
==2095883== 
==2095883== 9 bytes in 1 blocks are still reachable in loss record 9 of 45
==2095883==    at 0x4848899: malloc (in /usr/libexec/valgrind/vgpreload_memcheck-amd64-linux.so)
==2095883==    by 0x40CCAC: ft_calloc (in /home/ravazque/Desktop/otherProjects/minirt/miniRT)
==2095883==    by 0x409DB0: primitive_escene_t_asignation (in /home/ravazque/Desktop/otherProjects/minirt/miniRT)
==2095883==    by 0x40B96B: escene_primiteve_contructor (in /home/ravazque/Desktop/otherProjects/minirt/miniRT)
==2095883==    by 0x40536D: escene_constructor (in /home/ravazque/Desktop/otherProjects/minirt/miniRT)
==2095883==    by 0x4067E6: main (in /home/ravazque/Desktop/otherProjects/minirt/miniRT)
==2095883== 
==2095883== 9 bytes in 1 blocks are still reachable in loss record 10 of 45
==2095883==    at 0x4848899: malloc (in /usr/libexec/valgrind/vgpreload_memcheck-amd64-linux.so)
==2095883==    by 0x40CCAC: ft_calloc (in /home/ravazque/Desktop/otherProjects/minirt/miniRT)
==2095883==    by 0x40BCF0: list_of_float_checker (in /home/ravazque/Desktop/otherProjects/minirt/miniRT)
==2095883==    by 0x40A86E: ambient_light_parser (in /home/ravazque/Desktop/otherProjects/minirt/miniRT)
==2095883==    by 0x409E31: primitive_escene_t_asignation (in /home/ravazque/Desktop/otherProjects/minirt/miniRT)
==2095883==    by 0x40B96B: escene_primiteve_contructor (in /home/ravazque/Desktop/otherProjects/minirt/miniRT)
==2095883==    by 0x40536D: escene_constructor (in /home/ravazque/Desktop/otherProjects/minirt/miniRT)
==2095883==    by 0x4067E6: main (in /home/ravazque/Desktop/otherProjects/minirt/miniRT)
==2095883== 
==2095883== 9 bytes in 1 blocks are still reachable in loss record 11 of 45
==2095883==    at 0x4848899: malloc (in /usr/libexec/valgrind/vgpreload_memcheck-amd64-linux.so)
==2095883==    by 0x40CCAC: ft_calloc (in /home/ravazque/Desktop/otherProjects/minirt/miniRT)
==2095883==    by 0x40A91D: light_parser (in /home/ravazque/Desktop/otherProjects/minirt/miniRT)
==2095883==    by 0x409E63: primitive_escene_t_asignation (in /home/ravazque/Desktop/otherProjects/minirt/miniRT)
==2095883==    by 0x40B96B: escene_primiteve_contructor (in /home/ravazque/Desktop/otherProjects/minirt/miniRT)
==2095883==    by 0x40536D: escene_constructor (in /home/ravazque/Desktop/otherProjects/minirt/miniRT)
==2095883==    by 0x4067E6: main (in /home/ravazque/Desktop/otherProjects/minirt/miniRT)
==2095883== 
==2095883== 9 bytes in 1 blocks are still reachable in loss record 12 of 45
==2095883==    at 0x4848899: malloc (in /usr/libexec/valgrind/vgpreload_memcheck-amd64-linux.so)
==2095883==    by 0x40CCAC: ft_calloc (in /home/ravazque/Desktop/otherProjects/minirt/miniRT)
==2095883==    by 0x40BCF0: list_of_float_checker (in /home/ravazque/Desktop/otherProjects/minirt/miniRT)
==2095883==    by 0x40A964: light_parser (in /home/ravazque/Desktop/otherProjects/minirt/miniRT)
==2095883==    by 0x409E63: primitive_escene_t_asignation (in /home/ravazque/Desktop/otherProjects/minirt/miniRT)
==2095883==    by 0x40B96B: escene_primiteve_contructor (in /home/ravazque/Desktop/otherProjects/minirt/miniRT)
==2095883==    by 0x40536D: escene_constructor (in /home/ravazque/Desktop/otherProjects/minirt/miniRT)
==2095883==    by 0x4067E6: main (in /home/ravazque/Desktop/otherProjects/minirt/miniRT)
==2095883== 
==2095883== 9 bytes in 1 blocks are still reachable in loss record 13 of 45
==2095883==    at 0x4848899: malloc (in /usr/libexec/valgrind/vgpreload_memcheck-amd64-linux.so)
==2095883==    by 0x40CCAC: ft_calloc (in /home/ravazque/Desktop/otherProjects/minirt/miniRT)
==2095883==    by 0x40BCF0: list_of_float_checker (in /home/ravazque/Desktop/otherProjects/minirt/miniRT)
==2095883==    by 0x40AACE: light_parser (in /home/ravazque/Desktop/otherProjects/minirt/miniRT)
==2095883==    by 0x409E63: primitive_escene_t_asignation (in /home/ravazque/Desktop/otherProjects/minirt/miniRT)
==2095883==    by 0x40B96B: escene_primiteve_contructor (in /home/ravazque/Desktop/otherProjects/minirt/miniRT)
==2095883==    by 0x40536D: escene_constructor (in /home/ravazque/Desktop/otherProjects/minirt/miniRT)
==2095883==    by 0x4067E6: main (in /home/ravazque/Desktop/otherProjects/minirt/miniRT)
==2095883== 
==2095883== 9 bytes in 1 blocks are still reachable in loss record 14 of 45
==2095883==    at 0x4848899: malloc (in /usr/libexec/valgrind/vgpreload_memcheck-amd64-linux.so)
==2095883==    by 0x40CCAC: ft_calloc (in /home/ravazque/Desktop/otherProjects/minirt/miniRT)
==2095883==    by 0x40AE4E: object_parser (in /home/ravazque/Desktop/otherProjects/minirt/miniRT)
==2095883==    by 0x409DD7: primitive_escene_t_asignation (in /home/ravazque/Desktop/otherProjects/minirt/miniRT)
==2095883==    by 0x40B96B: escene_primiteve_contructor (in /home/ravazque/Desktop/otherProjects/minirt/miniRT)
==2095883==    by 0x40536D: escene_constructor (in /home/ravazque/Desktop/otherProjects/minirt/miniRT)
==2095883==    by 0x4067E6: main (in /home/ravazque/Desktop/otherProjects/minirt/miniRT)
==2095883== 
==2095883== 9 bytes in 1 blocks are still reachable in loss record 15 of 45
==2095883==    at 0x4848899: malloc (in /usr/libexec/valgrind/vgpreload_memcheck-amd64-linux.so)
==2095883==    by 0x40CCAC: ft_calloc (in /home/ravazque/Desktop/otherProjects/minirt/miniRT)
==2095883==    by 0x40BCF0: list_of_float_checker (in /home/ravazque/Desktop/otherProjects/minirt/miniRT)
==2095883==    by 0x40AE9E: object_parser (in /home/ravazque/Desktop/otherProjects/minirt/miniRT)
==2095883==    by 0x409DD7: primitive_escene_t_asignation (in /home/ravazque/Desktop/otherProjects/minirt/miniRT)
==2095883==    by 0x40B96B: escene_primiteve_contructor (in /home/ravazque/Desktop/otherProjects/minirt/miniRT)
==2095883==    by 0x40536D: escene_constructor (in /home/ravazque/Desktop/otherProjects/minirt/miniRT)
==2095883==    by 0x4067E6: main (in /home/ravazque/Desktop/otherProjects/minirt/miniRT)
==2095883== 
==2095883== 9 bytes in 1 blocks are still reachable in loss record 16 of 45
==2095883==    at 0x4848899: malloc (in /usr/libexec/valgrind/vgpreload_memcheck-amd64-linux.so)
==2095883==    by 0x40CCAC: ft_calloc (in /home/ravazque/Desktop/otherProjects/minirt/miniRT)
==2095883==    by 0x40BCF0: list_of_float_checker (in /home/ravazque/Desktop/otherProjects/minirt/miniRT)
==2095883==    by 0x40AEFD: object_parser (in /home/ravazque/Desktop/otherProjects/minirt/miniRT)
==2095883==    by 0x409DD7: primitive_escene_t_asignation (in /home/ravazque/Desktop/otherProjects/minirt/miniRT)
==2095883==    by 0x40B96B: escene_primiteve_contructor (in /home/ravazque/Desktop/otherProjects/minirt/miniRT)
==2095883==    by 0x40536D: escene_constructor (in /home/ravazque/Desktop/otherProjects/minirt/miniRT)
==2095883==    by 0x4067E6: main (in /home/ravazque/Desktop/otherProjects/minirt/miniRT)
==2095883== 
==2095883== 9 bytes in 1 blocks are still reachable in loss record 17 of 45
==2095883==    at 0x4848899: malloc (in /usr/libexec/valgrind/vgpreload_memcheck-amd64-linux.so)
==2095883==    by 0x40CCAC: ft_calloc (in /home/ravazque/Desktop/otherProjects/minirt/miniRT)
==2095883==    by 0x40BCF0: list_of_float_checker (in /home/ravazque/Desktop/otherProjects/minirt/miniRT)
==2095883==    by 0x40B416: object_parser (in /home/ravazque/Desktop/otherProjects/minirt/miniRT)
==2095883==    by 0x409DD7: primitive_escene_t_asignation (in /home/ravazque/Desktop/otherProjects/minirt/miniRT)
==2095883==    by 0x40B96B: escene_primiteve_contructor (in /home/ravazque/Desktop/otherProjects/minirt/miniRT)
==2095883==    by 0x40536D: escene_constructor (in /home/ravazque/Desktop/otherProjects/minirt/miniRT)
==2095883==    by 0x4067E6: main (in /home/ravazque/Desktop/otherProjects/minirt/miniRT)
==2095883== 
==2095883== 15 bytes in 3 blocks are still reachable in loss record 18 of 45
==2095883==    at 0x4848899: malloc (in /usr/libexec/valgrind/vgpreload_memcheck-amd64-linux.so)
==2095883==    by 0x40CCAC: ft_calloc (in /home/ravazque/Desktop/otherProjects/minirt/miniRT)
==2095883==    by 0x40BD7E: list_of_float_checker (in /home/ravazque/Desktop/otherProjects/minirt/miniRT)
==2095883==    by 0x40A86E: ambient_light_parser (in /home/ravazque/Desktop/otherProjects/minirt/miniRT)
==2095883==    by 0x409E31: primitive_escene_t_asignation (in /home/ravazque/Desktop/otherProjects/minirt/miniRT)
==2095883==    by 0x40B96B: escene_primiteve_contructor (in /home/ravazque/Desktop/otherProjects/minirt/miniRT)
==2095883==    by 0x40536D: escene_constructor (in /home/ravazque/Desktop/otherProjects/minirt/miniRT)
==2095883==    by 0x4067E6: main (in /home/ravazque/Desktop/otherProjects/minirt/miniRT)
==2095883== 
==2095883== 15 bytes in 3 blocks are still reachable in loss record 19 of 45
==2095883==    at 0x4848899: malloc (in /usr/libexec/valgrind/vgpreload_memcheck-amd64-linux.so)
==2095883==    by 0x40CCAC: ft_calloc (in /home/ravazque/Desktop/otherProjects/minirt/miniRT)
==2095883==    by 0x40BE1E: list_of_float_checker (in /home/ravazque/Desktop/otherProjects/minirt/miniRT)
==2095883==    by 0x40A964: light_parser (in /home/ravazque/Desktop/otherProjects/minirt/miniRT)
==2095883==    by 0x409E63: primitive_escene_t_asignation (in /home/ravazque/Desktop/otherProjects/minirt/miniRT)
==2095883==    by 0x40B96B: escene_primiteve_contructor (in /home/ravazque/Desktop/otherProjects/minirt/miniRT)
==2095883==    by 0x40536D: escene_constructor (in /home/ravazque/Desktop/otherProjects/minirt/miniRT)
==2095883==    by 0x4067E6: main (in /home/ravazque/Desktop/otherProjects/minirt/miniRT)
==2095883== 
==2095883== 15 bytes in 3 blocks are still reachable in loss record 20 of 45
==2095883==    at 0x4848899: malloc (in /usr/libexec/valgrind/vgpreload_memcheck-amd64-linux.so)
==2095883==    by 0x40CCAC: ft_calloc (in /home/ravazque/Desktop/otherProjects/minirt/miniRT)
==2095883==    by 0x40BD7E: list_of_float_checker (in /home/ravazque/Desktop/otherProjects/minirt/miniRT)
==2095883==    by 0x40AACE: light_parser (in /home/ravazque/Desktop/otherProjects/minirt/miniRT)
==2095883==    by 0x409E63: primitive_escene_t_asignation (in /home/ravazque/Desktop/otherProjects/minirt/miniRT)
==2095883==    by 0x40B96B: escene_primiteve_contructor (in /home/ravazque/Desktop/otherProjects/minirt/miniRT)
==2095883==    by 0x40536D: escene_constructor (in /home/ravazque/Desktop/otherProjects/minirt/miniRT)
==2095883==    by 0x4067E6: main (in /home/ravazque/Desktop/otherProjects/minirt/miniRT)
==2095883== 
==2095883== 15 bytes in 3 blocks are still reachable in loss record 21 of 45
==2095883==    at 0x4848899: malloc (in /usr/libexec/valgrind/vgpreload_memcheck-amd64-linux.so)
==2095883==    by 0x40CCAC: ft_calloc (in /home/ravazque/Desktop/otherProjects/minirt/miniRT)
==2095883==    by 0x40BE1E: list_of_float_checker (in /home/ravazque/Desktop/otherProjects/minirt/miniRT)
==2095883==    by 0x40AE9E: object_parser (in /home/ravazque/Desktop/otherProjects/minirt/miniRT)
==2095883==    by 0x409DD7: primitive_escene_t_asignation (in /home/ravazque/Desktop/otherProjects/minirt/miniRT)
==2095883==    by 0x40B96B: escene_primiteve_contructor (in /home/ravazque/Desktop/otherProjects/minirt/miniRT)
==2095883==    by 0x40536D: escene_constructor (in /home/ravazque/Desktop/otherProjects/minirt/miniRT)
==2095883==    by 0x4067E6: main (in /home/ravazque/Desktop/otherProjects/minirt/miniRT)
==2095883== 
==2095883== 15 bytes in 3 blocks are still reachable in loss record 22 of 45
==2095883==    at 0x4848899: malloc (in /usr/libexec/valgrind/vgpreload_memcheck-amd64-linux.so)
==2095883==    by 0x40CCAC: ft_calloc (in /home/ravazque/Desktop/otherProjects/minirt/miniRT)
==2095883==    by 0x40BE1E: list_of_float_checker (in /home/ravazque/Desktop/otherProjects/minirt/miniRT)
==2095883==    by 0x40AEFD: object_parser (in /home/ravazque/Desktop/otherProjects/minirt/miniRT)
==2095883==    by 0x409DD7: primitive_escene_t_asignation (in /home/ravazque/Desktop/otherProjects/minirt/miniRT)
==2095883==    by 0x40B96B: escene_primiteve_contructor (in /home/ravazque/Desktop/otherProjects/minirt/miniRT)
==2095883==    by 0x40536D: escene_constructor (in /home/ravazque/Desktop/otherProjects/minirt/miniRT)
==2095883==    by 0x4067E6: main (in /home/ravazque/Desktop/otherProjects/minirt/miniRT)
==2095883== 
==2095883== 15 bytes in 3 blocks are still reachable in loss record 23 of 45
==2095883==    at 0x4848899: malloc (in /usr/libexec/valgrind/vgpreload_memcheck-amd64-linux.so)
==2095883==    by 0x40CCAC: ft_calloc (in /home/ravazque/Desktop/otherProjects/minirt/miniRT)
==2095883==    by 0x40BD7E: list_of_float_checker (in /home/ravazque/Desktop/otherProjects/minirt/miniRT)
==2095883==    by 0x40B416: object_parser (in /home/ravazque/Desktop/otherProjects/minirt/miniRT)
==2095883==    by 0x409DD7: primitive_escene_t_asignation (in /home/ravazque/Desktop/otherProjects/minirt/miniRT)
==2095883==    by 0x40B96B: escene_primiteve_contructor (in /home/ravazque/Desktop/otherProjects/minirt/miniRT)
==2095883==    by 0x40536D: escene_constructor (in /home/ravazque/Desktop/otherProjects/minirt/miniRT)
==2095883==    by 0x4067E6: main (in /home/ravazque/Desktop/otherProjects/minirt/miniRT)
==2095883== 
==2095883== 16 bytes in 1 blocks are still reachable in loss record 24 of 45
==2095883==    at 0x4848899: malloc (in /usr/libexec/valgrind/vgpreload_memcheck-amd64-linux.so)
==2095883==    by 0x40CF2D: ft_lstnew (in /home/ravazque/Desktop/otherProjects/minirt/miniRT)
==2095883==    by 0x40A82E: ambient_light_parser (in /home/ravazque/Desktop/otherProjects/minirt/miniRT)
==2095883==    by 0x409E31: primitive_escene_t_asignation (in /home/ravazque/Desktop/otherProjects/minirt/miniRT)
==2095883==    by 0x40B96B: escene_primiteve_contructor (in /home/ravazque/Desktop/otherProjects/minirt/miniRT)
==2095883==    by 0x40536D: escene_constructor (in /home/ravazque/Desktop/otherProjects/minirt/miniRT)
==2095883==    by 0x4067E6: main (in /home/ravazque/Desktop/otherProjects/minirt/miniRT)
==2095883== 
==2095883== 16 bytes in 1 blocks are still reachable in loss record 25 of 45
==2095883==    at 0x4848899: malloc (in /usr/libexec/valgrind/vgpreload_memcheck-amd64-linux.so)
==2095883==    by 0x40CF2D: ft_lstnew (in /home/ravazque/Desktop/otherProjects/minirt/miniRT)
==2095883==    by 0x40A886: ambient_light_parser (in /home/ravazque/Desktop/otherProjects/minirt/miniRT)
==2095883==    by 0x409E31: primitive_escene_t_asignation (in /home/ravazque/Desktop/otherProjects/minirt/miniRT)
==2095883==    by 0x40B96B: escene_primiteve_contructor (in /home/ravazque/Desktop/otherProjects/minirt/miniRT)
==2095883==    by 0x40536D: escene_constructor (in /home/ravazque/Desktop/otherProjects/minirt/miniRT)
==2095883==    by 0x4067E6: main (in /home/ravazque/Desktop/otherProjects/minirt/miniRT)
==2095883== 
==2095883== 16 bytes in 1 blocks are still reachable in loss record 26 of 45
==2095883==    at 0x4848899: malloc (in /usr/libexec/valgrind/vgpreload_memcheck-amd64-linux.so)
==2095883==    by 0x40CF2D: ft_lstnew (in /home/ravazque/Desktop/otherProjects/minirt/miniRT)
==2095883==    by 0x40A980: light_parser (in /home/ravazque/Desktop/otherProjects/minirt/miniRT)
==2095883==    by 0x409E63: primitive_escene_t_asignation (in /home/ravazque/Desktop/otherProjects/minirt/miniRT)
==2095883==    by 0x40B96B: escene_primiteve_contructor (in /home/ravazque/Desktop/otherProjects/minirt/miniRT)
==2095883==    by 0x40536D: escene_constructor (in /home/ravazque/Desktop/otherProjects/minirt/miniRT)
==2095883==    by 0x4067E6: main (in /home/ravazque/Desktop/otherProjects/minirt/miniRT)
==2095883== 
==2095883== 16 bytes in 1 blocks are still reachable in loss record 27 of 45
==2095883==    at 0x4848899: malloc (in /usr/libexec/valgrind/vgpreload_memcheck-amd64-linux.so)
==2095883==    by 0x40CF2D: ft_lstnew (in /home/ravazque/Desktop/otherProjects/minirt/miniRT)
==2095883==    by 0x40AA61: light_parser (in /home/ravazque/Desktop/otherProjects/minirt/miniRT)
==2095883==    by 0x409E63: primitive_escene_t_asignation (in /home/ravazque/Desktop/otherProjects/minirt/miniRT)
==2095883==    by 0x40B96B: escene_primiteve_contructor (in /home/ravazque/Desktop/otherProjects/minirt/miniRT)
==2095883==    by 0x40536D: escene_constructor (in /home/ravazque/Desktop/otherProjects/minirt/miniRT)
==2095883==    by 0x4067E6: main (in /home/ravazque/Desktop/otherProjects/minirt/miniRT)
==2095883== 
==2095883== 16 bytes in 1 blocks are still reachable in loss record 28 of 45
==2095883==    at 0x4848899: malloc (in /usr/libexec/valgrind/vgpreload_memcheck-amd64-linux.so)
==2095883==    by 0x40CF2D: ft_lstnew (in /home/ravazque/Desktop/otherProjects/minirt/miniRT)
==2095883==    by 0x40AAE6: light_parser (in /home/ravazque/Desktop/otherProjects/minirt/miniRT)
==2095883==    by 0x409E63: primitive_escene_t_asignation (in /home/ravazque/Desktop/otherProjects/minirt/miniRT)
==2095883==    by 0x40B96B: escene_primiteve_contructor (in /home/ravazque/Desktop/otherProjects/minirt/miniRT)
==2095883==    by 0x40536D: escene_constructor (in /home/ravazque/Desktop/otherProjects/minirt/miniRT)
==2095883==    by 0x4067E6: main (in /home/ravazque/Desktop/otherProjects/minirt/miniRT)
==2095883== 
==2095883== 16 bytes in 1 blocks are still reachable in loss record 29 of 45
==2095883==    at 0x4848899: malloc (in /usr/libexec/valgrind/vgpreload_memcheck-amd64-linux.so)
==2095883==    by 0x40CF2D: ft_lstnew (in /home/ravazque/Desktop/otherProjects/minirt/miniRT)
==2095883==    by 0x40AAF9: light_parser (in /home/ravazque/Desktop/otherProjects/minirt/miniRT)
==2095883==    by 0x409E63: primitive_escene_t_asignation (in /home/ravazque/Desktop/otherProjects/minirt/miniRT)
==2095883==    by 0x40B96B: escene_primiteve_contructor (in /home/ravazque/Desktop/otherProjects/minirt/miniRT)
==2095883==    by 0x40536D: escene_constructor (in /home/ravazque/Desktop/otherProjects/minirt/miniRT)
==2095883==    by 0x4067E6: main (in /home/ravazque/Desktop/otherProjects/minirt/miniRT)
==2095883== 
==2095883== 16 bytes in 1 blocks are still reachable in loss record 30 of 45
==2095883==    at 0x4848899: malloc (in /usr/libexec/valgrind/vgpreload_memcheck-amd64-linux.so)
==2095883==    by 0x40CF2D: ft_lstnew (in /home/ravazque/Desktop/otherProjects/minirt/miniRT)
==2095883==    by 0x40AE65: object_parser (in /home/ravazque/Desktop/otherProjects/minirt/miniRT)
==2095883==    by 0x409DD7: primitive_escene_t_asignation (in /home/ravazque/Desktop/otherProjects/minirt/miniRT)
==2095883==    by 0x40B96B: escene_primiteve_contructor (in /home/ravazque/Desktop/otherProjects/minirt/miniRT)
==2095883==    by 0x40536D: escene_constructor (in /home/ravazque/Desktop/otherProjects/minirt/miniRT)
==2095883==    by 0x4067E6: main (in /home/ravazque/Desktop/otherProjects/minirt/miniRT)
==2095883== 
==2095883== 16 bytes in 1 blocks are still reachable in loss record 31 of 45
==2095883==    at 0x4848899: malloc (in /usr/libexec/valgrind/vgpreload_memcheck-amd64-linux.so)
==2095883==    by 0x40CF2D: ft_lstnew (in /home/ravazque/Desktop/otherProjects/minirt/miniRT)
==2095883==    by 0x40AEBD: object_parser (in /home/ravazque/Desktop/otherProjects/minirt/miniRT)
==2095883==    by 0x409DD7: primitive_escene_t_asignation (in /home/ravazque/Desktop/otherProjects/minirt/miniRT)
==2095883==    by 0x40B96B: escene_primiteve_contructor (in /home/ravazque/Desktop/otherProjects/minirt/miniRT)
==2095883==    by 0x40536D: escene_constructor (in /home/ravazque/Desktop/otherProjects/minirt/miniRT)
==2095883==    by 0x4067E6: main (in /home/ravazque/Desktop/otherProjects/minirt/miniRT)
==2095883== 
==2095883== 16 bytes in 1 blocks are still reachable in loss record 32 of 45
==2095883==    at 0x4848899: malloc (in /usr/libexec/valgrind/vgpreload_memcheck-amd64-linux.so)
==2095883==    by 0x40CF2D: ft_lstnew (in /home/ravazque/Desktop/otherProjects/minirt/miniRT)
==2095883==    by 0x40AF19: object_parser (in /home/ravazque/Desktop/otherProjects/minirt/miniRT)
==2095883==    by 0x409DD7: primitive_escene_t_asignation (in /home/ravazque/Desktop/otherProjects/minirt/miniRT)
==2095883==    by 0x40B96B: escene_primiteve_contructor (in /home/ravazque/Desktop/otherProjects/minirt/miniRT)
==2095883==    by 0x40536D: escene_constructor (in /home/ravazque/Desktop/otherProjects/minirt/miniRT)
==2095883==    by 0x4067E6: main (in /home/ravazque/Desktop/otherProjects/minirt/miniRT)
==2095883== 
==2095883== 16 bytes in 1 blocks are still reachable in loss record 33 of 45
==2095883==    at 0x4848899: malloc (in /usr/libexec/valgrind/vgpreload_memcheck-amd64-linux.so)
==2095883==    by 0x40CF2D: ft_lstnew (in /home/ravazque/Desktop/otherProjects/minirt/miniRT)
==2095883==    by 0x40B347: object_parser (in /home/ravazque/Desktop/otherProjects/minirt/miniRT)
==2095883==    by 0x409DD7: primitive_escene_t_asignation (in /home/ravazque/Desktop/otherProjects/minirt/miniRT)
==2095883==    by 0x40B96B: escene_primiteve_contructor (in /home/ravazque/Desktop/otherProjects/minirt/miniRT)
==2095883==    by 0x40536D: escene_constructor (in /home/ravazque/Desktop/otherProjects/minirt/miniRT)
==2095883==    by 0x4067E6: main (in /home/ravazque/Desktop/otherProjects/minirt/miniRT)
==2095883== 
==2095883== 16 bytes in 1 blocks are still reachable in loss record 34 of 45
==2095883==    at 0x4848899: malloc (in /usr/libexec/valgrind/vgpreload_memcheck-amd64-linux.so)
==2095883==    by 0x40CF2D: ft_lstnew (in /home/ravazque/Desktop/otherProjects/minirt/miniRT)
==2095883==    by 0x40B3D5: object_parser (in /home/ravazque/Desktop/otherProjects/minirt/miniRT)
==2095883==    by 0x409DD7: primitive_escene_t_asignation (in /home/ravazque/Desktop/otherProjects/minirt/miniRT)
==2095883==    by 0x40B96B: escene_primiteve_contructor (in /home/ravazque/Desktop/otherProjects/minirt/miniRT)
==2095883==    by 0x40536D: escene_constructor (in /home/ravazque/Desktop/otherProjects/minirt/miniRT)
==2095883==    by 0x4067E6: main (in /home/ravazque/Desktop/otherProjects/minirt/miniRT)
==2095883== 
==2095883== 16 bytes in 1 blocks are still reachable in loss record 35 of 45
==2095883==    at 0x4848899: malloc (in /usr/libexec/valgrind/vgpreload_memcheck-amd64-linux.so)
==2095883==    by 0x40CF2D: ft_lstnew (in /home/ravazque/Desktop/otherProjects/minirt/miniRT)
==2095883==    by 0x40B42E: object_parser (in /home/ravazque/Desktop/otherProjects/minirt/miniRT)
==2095883==    by 0x409DD7: primitive_escene_t_asignation (in /home/ravazque/Desktop/otherProjects/minirt/miniRT)
==2095883==    by 0x40B96B: escene_primiteve_contructor (in /home/ravazque/Desktop/otherProjects/minirt/miniRT)
==2095883==    by 0x40536D: escene_constructor (in /home/ravazque/Desktop/otherProjects/minirt/miniRT)
==2095883==    by 0x4067E6: main (in /home/ravazque/Desktop/otherProjects/minirt/miniRT)
==2095883== 
==2095883== 16 bytes in 1 blocks are still reachable in loss record 36 of 45
==2095883==    at 0x4848899: malloc (in /usr/libexec/valgrind/vgpreload_memcheck-amd64-linux.so)
==2095883==    by 0x40CF2D: ft_lstnew (in /home/ravazque/Desktop/otherProjects/minirt/miniRT)
==2095883==    by 0x40B446: object_parser (in /home/ravazque/Desktop/otherProjects/minirt/miniRT)
==2095883==    by 0x409DD7: primitive_escene_t_asignation (in /home/ravazque/Desktop/otherProjects/minirt/miniRT)
==2095883==    by 0x40B96B: escene_primiteve_contructor (in /home/ravazque/Desktop/otherProjects/minirt/miniRT)
==2095883==    by 0x40536D: escene_constructor (in /home/ravazque/Desktop/otherProjects/minirt/miniRT)
==2095883==    by 0x4067E6: main (in /home/ravazque/Desktop/otherProjects/minirt/miniRT)
==2095883== 
==2095883== 33 bytes in 1 blocks are still reachable in loss record 37 of 45
==2095883==    at 0x4848899: malloc (in /usr/libexec/valgrind/vgpreload_memcheck-amd64-linux.so)
==2095883==    by 0x40CCAC: ft_calloc (in /home/ravazque/Desktop/otherProjects/minirt/miniRT)
==2095883==    by 0x405362: escene_constructor (in /home/ravazque/Desktop/otherProjects/minirt/miniRT)
==2095883==    by 0x4067E6: main (in /home/ravazque/Desktop/otherProjects/minirt/miniRT)
==2095883== 
==2095883== 33 bytes in 1 blocks are still reachable in loss record 38 of 45
==2095883==    at 0x4848899: malloc (in /usr/libexec/valgrind/vgpreload_memcheck-amd64-linux.so)
==2095883==    by 0x40CCAC: ft_calloc (in /home/ravazque/Desktop/otherProjects/minirt/miniRT)
==2095883==    by 0x40B84A: escene_primiteve_contructor (in /home/ravazque/Desktop/otherProjects/minirt/miniRT)
==2095883==    by 0x40536D: escene_constructor (in /home/ravazque/Desktop/otherProjects/minirt/miniRT)
==2095883==    by 0x4067E6: main (in /home/ravazque/Desktop/otherProjects/minirt/miniRT)
==2095883== 
==2095883== 48 bytes in 3 blocks are still reachable in loss record 39 of 45
==2095883==    at 0x4848899: malloc (in /usr/libexec/valgrind/vgpreload_memcheck-amd64-linux.so)
==2095883==    by 0x40CF2D: ft_lstnew (in /home/ravazque/Desktop/otherProjects/minirt/miniRT)
==2095883==    by 0x40BDB1: list_of_float_checker (in /home/ravazque/Desktop/otherProjects/minirt/miniRT)
==2095883==    by 0x40A86E: ambient_light_parser (in /home/ravazque/Desktop/otherProjects/minirt/miniRT)
==2095883==    by 0x409E31: primitive_escene_t_asignation (in /home/ravazque/Desktop/otherProjects/minirt/miniRT)
==2095883==    by 0x40B96B: escene_primiteve_contructor (in /home/ravazque/Desktop/otherProjects/minirt/miniRT)
==2095883==    by 0x40536D: escene_constructor (in /home/ravazque/Desktop/otherProjects/minirt/miniRT)
==2095883==    by 0x4067E6: main (in /home/ravazque/Desktop/otherProjects/minirt/miniRT)
==2095883== 
==2095883== 48 bytes in 3 blocks are still reachable in loss record 40 of 45
==2095883==    at 0x4848899: malloc (in /usr/libexec/valgrind/vgpreload_memcheck-amd64-linux.so)
==2095883==    by 0x40CF2D: ft_lstnew (in /home/ravazque/Desktop/otherProjects/minirt/miniRT)
==2095883==    by 0x40BE35: list_of_float_checker (in /home/ravazque/Desktop/otherProjects/minirt/miniRT)
==2095883==    by 0x40A964: light_parser (in /home/ravazque/Desktop/otherProjects/minirt/miniRT)
==2095883==    by 0x409E63: primitive_escene_t_asignation (in /home/ravazque/Desktop/otherProjects/minirt/miniRT)
==2095883==    by 0x40B96B: escene_primiteve_contructor (in /home/ravazque/Desktop/otherProjects/minirt/miniRT)
==2095883==    by 0x40536D: escene_constructor (in /home/ravazque/Desktop/otherProjects/minirt/miniRT)
==2095883==    by 0x4067E6: main (in /home/ravazque/Desktop/otherProjects/minirt/miniRT)
==2095883== 
==2095883== 48 bytes in 3 blocks are still reachable in loss record 41 of 45
==2095883==    at 0x4848899: malloc (in /usr/libexec/valgrind/vgpreload_memcheck-amd64-linux.so)
==2095883==    by 0x40CF2D: ft_lstnew (in /home/ravazque/Desktop/otherProjects/minirt/miniRT)
==2095883==    by 0x40BDB1: list_of_float_checker (in /home/ravazque/Desktop/otherProjects/minirt/miniRT)
==2095883==    by 0x40AACE: light_parser (in /home/ravazque/Desktop/otherProjects/minirt/miniRT)
==2095883==    by 0x409E63: primitive_escene_t_asignation (in /home/ravazque/Desktop/otherProjects/minirt/miniRT)
==2095883==    by 0x40B96B: escene_primiteve_contructor (in /home/ravazque/Desktop/otherProjects/minirt/miniRT)
==2095883==    by 0x40536D: escene_constructor (in /home/ravazque/Desktop/otherProjects/minirt/miniRT)
==2095883==    by 0x4067E6: main (in /home/ravazque/Desktop/otherProjects/minirt/miniRT)
==2095883== 
==2095883== 48 bytes in 3 blocks are still reachable in loss record 42 of 45
==2095883==    at 0x4848899: malloc (in /usr/libexec/valgrind/vgpreload_memcheck-amd64-linux.so)
==2095883==    by 0x40CF2D: ft_lstnew (in /home/ravazque/Desktop/otherProjects/minirt/miniRT)
==2095883==    by 0x40BE35: list_of_float_checker (in /home/ravazque/Desktop/otherProjects/minirt/miniRT)
==2095883==    by 0x40AE9E: object_parser (in /home/ravazque/Desktop/otherProjects/minirt/miniRT)
==2095883==    by 0x409DD7: primitive_escene_t_asignation (in /home/ravazque/Desktop/otherProjects/minirt/miniRT)
==2095883==    by 0x40B96B: escene_primiteve_contructor (in /home/ravazque/Desktop/otherProjects/minirt/miniRT)
==2095883==    by 0x40536D: escene_constructor (in /home/ravazque/Desktop/otherProjects/minirt/miniRT)
==2095883==    by 0x4067E6: main (in /home/ravazque/Desktop/otherProjects/minirt/miniRT)
==2095883== 
==2095883== 48 bytes in 3 blocks are still reachable in loss record 43 of 45
==2095883==    at 0x4848899: malloc (in /usr/libexec/valgrind/vgpreload_memcheck-amd64-linux.so)
==2095883==    by 0x40CF2D: ft_lstnew (in /home/ravazque/Desktop/otherProjects/minirt/miniRT)
==2095883==    by 0x40BE35: list_of_float_checker (in /home/ravazque/Desktop/otherProjects/minirt/miniRT)
==2095883==    by 0x40AEFD: object_parser (in /home/ravazque/Desktop/otherProjects/minirt/miniRT)
==2095883==    by 0x409DD7: primitive_escene_t_asignation (in /home/ravazque/Desktop/otherProjects/minirt/miniRT)
==2095883==    by 0x40B96B: escene_primiteve_contructor (in /home/ravazque/Desktop/otherProjects/minirt/miniRT)
==2095883==    by 0x40536D: escene_constructor (in /home/ravazque/Desktop/otherProjects/minirt/miniRT)
==2095883==    by 0x4067E6: main (in /home/ravazque/Desktop/otherProjects/minirt/miniRT)
==2095883== 
==2095883== 48 bytes in 3 blocks are still reachable in loss record 44 of 45
==2095883==    at 0x4848899: malloc (in /usr/libexec/valgrind/vgpreload_memcheck-amd64-linux.so)
==2095883==    by 0x40CF2D: ft_lstnew (in /home/ravazque/Desktop/otherProjects/minirt/miniRT)
==2095883==    by 0x40BDB1: list_of_float_checker (in /home/ravazque/Desktop/otherProjects/minirt/miniRT)
==2095883==    by 0x40B416: object_parser (in /home/ravazque/Desktop/otherProjects/minirt/miniRT)
==2095883==    by 0x409DD7: primitive_escene_t_asignation (in /home/ravazque/Desktop/otherProjects/minirt/miniRT)
==2095883==    by 0x40B96B: escene_primiteve_contructor (in /home/ravazque/Desktop/otherProjects/minirt/miniRT)
==2095883==    by 0x40536D: escene_constructor (in /home/ravazque/Desktop/otherProjects/minirt/miniRT)
==2095883==    by 0x4067E6: main (in /home/ravazque/Desktop/otherProjects/minirt/miniRT)
==2095883== 
==2095883== 217 bytes in 1 blocks are still reachable in loss record 45 of 45
==2095883==    at 0x4848899: malloc (in /usr/libexec/valgrind/vgpreload_memcheck-amd64-linux.so)
==2095883==    by 0x40CCAC: ft_calloc (in /home/ravazque/Desktop/otherProjects/minirt/miniRT)
==2095883==    by 0x4067D5: main (in /home/ravazque/Desktop/otherProjects/minirt/miniRT)
==2095883== 
==2095883== LEAK SUMMARY:
==2095883==    definitely lost: 0 bytes in 0 blocks
==2095883==    indirectly lost: 0 bytes in 0 blocks
==2095883==      possibly lost: 0 bytes in 0 blocks
==2095883==    still reachable: 1,000 bytes in 69 blocks
==2095883==         suppressed: 0 bytes in 0 blocks
==2095883== 
==2095883== ERROR SUMMARY: 0 errors from 0 contexts (suppressed: 0 from 0)
