========================================
TEST: invalid_light_brightness_low
FILE: scenes/invalid_scenes/invalid_light_brightness_low.rt
DESCRIPTION: Escena inválida: invalid_light_brightness_low.rt
========================================

[1;36mminiRT: [1;31mError (Line 5): [0mIn parameter '[1;33mbrightness[0m': Invalid numeric value.
[1;36mminiRT: [1;31mError: [0mScene construction failed.

EXIT CODE: 1
VALGRIND LOG: outs_valgrind/016_invalid_light_brightness_low_valgrind.log

========================================
MEMORY ANALYSIS:
========================================
Definitely lost: 9 bytes
Indirectly lost: 0 bytes
Possibly lost:   0 bytes
Still reachable: 0 bytes
Total leaked:    9 bytes
RESULT: LEAKS DETECTED

Invalid reads:  8
Invalid writes: 0
0
