==2096087== Memcheck, a memory error detector
==2096087== Copyright (C) 2002-2017, and GNU GPL'd, by Julian Seward et al.
==2096087== Using Valgrind-3.18.1-42b08ed5bd-20211015 and LibVEX; rerun with -h for copyright info
==2096087== Command: ./miniRT scenes/invalid_scenes/invalid_lights.rt
==2096087== Parent PID: 2096086
==2096087== 
--2096087-- 
--2096087-- Valgrind options:
--2096087--    --leak-check=full
--2096087--    --show-leak-kinds=all
--2096087--    --track-origins=yes
--2096087--    --verbose
--2096087--    --log-file=outs_valgrind/017_invalid_lights_valgrind.log
--2096087-- Contents of /proc/version:
--2096087--   Linux version 5.15.0-161-generic (buildd@lcy02-amd64-072) (gcc (Ubuntu 11.4.0-1ubuntu1~22.04.2) 11.4.0, GNU ld (GNU Binutils for Ubuntu) 2.38) #171-Ubuntu SMP Sat Oct 11 08:17:01 UTC 2025
--2096087-- 
--2096087-- Arch and hwcaps: AMD64, LittleEndian, amd64-cx16-lzcnt-rdtscp-sse3-ssse3-avx-avx2-bmi-f16c-rdrand-rdseed
--2096087-- Page sizes: currently 4096, max supported 4096
--2096087-- Valgrind library directory: /usr/libexec/valgrind
--2096087-- Reading syms from /home/ravazque/Desktop/otherProjects/minirt/miniRT
--2096087-- Reading syms from /usr/lib/x86_64-linux-gnu/ld-linux-x86-64.so.2
--2096087--   Considering /usr/lib/debug/.build-id/ac/af96d7b1a6bad57b559d646233d5dc1a23257c.debug ..
--2096087--   .. build-id is valid
--2096087-- Reading syms from /usr/libexec/valgrind/memcheck-amd64-linux
--2096087--    object doesn't have a symbol table
--2096087--    object doesn't have a dynamic symbol table
--2096087-- Scheduler: using generic scheduler lock implementation.
--2096087-- Reading suppressions file: /usr/libexec/valgrind/default.supp
==2096087== embedded gdbserver: reading from /tmp/vgdb-pipe-from-vgdb-to-2096087-by-ravazque-on-???
==2096087== embedded gdbserver: writing to   /tmp/vgdb-pipe-to-vgdb-from-2096087-by-ravazque-on-???
==2096087== embedded gdbserver: shared mem   /tmp/vgdb-pipe-shared-mem-vgdb-2096087-by-ravazque-on-???
==2096087== 
==2096087== TO CONTROL THIS PROCESS USING vgdb (which you probably
==2096087== don't want to do, unless you know exactly what you're doing,
==2096087== or are doing some strange experiment):
==2096087==   /usr/bin/vgdb --pid=2096087 ...command...
==2096087== 
==2096087== TO DEBUG THIS PROCESS USING GDB: start GDB like this
==2096087==   /path/to/gdb ./miniRT
==2096087== and then give GDB the following command
==2096087==   target remote | /usr/bin/vgdb --pid=2096087
==2096087== --pid is optional if only one valgrind process is running
==2096087== 
--2096087-- REDIR: 0x402aa40 (ld-linux-x86-64.so.2:strlen) redirected to 0x580bcec2 (???)
--2096087-- REDIR: 0x402a810 (ld-linux-x86-64.so.2:index) redirected to 0x580bcedc (???)
--2096087-- Reading syms from /usr/libexec/valgrind/vgpreload_core-amd64-linux.so
--2096087--    object doesn't have a symbol table
--2096087-- Reading syms from /usr/libexec/valgrind/vgpreload_memcheck-amd64-linux.so
--2096087--    object doesn't have a symbol table
==2096087== WARNING: new redirection conflicts with existing -- ignoring it
--2096087--     old: 0x0402aa40 (strlen              ) R-> (0000.0) 0x580bcec2 ???
--2096087--     new: 0x0402aa40 (strlen              ) R-> (2007.0) 0x0484ee30 strlen
--2096087-- REDIR: 0x4027220 (ld-linux-x86-64.so.2:strcmp) redirected to 0x484fcd0 (strcmp)
--2096087-- REDIR: 0x402afa0 (ld-linux-x86-64.so.2:mempcpy) redirected to 0x4853840 (mempcpy)
--2096087-- Reading syms from /usr/lib/x86_64-linux-gnu/libXext.so.6.4.0
--2096087--    object doesn't have a symbol table
--2096087-- Reading syms from /usr/lib/x86_64-linux-gnu/libX11.so.6.4.0
--2096087--    object doesn't have a symbol table
--2096087-- Reading syms from /usr/lib/x86_64-linux-gnu/libm.so.6
--2096087--   Considering /usr/lib/debug/.build-id/b2/b4cd0f73a7c7a6da5ba4126bceb33ce68853d5.debug ..
--2096087--   .. build-id is valid
--2096087-- Reading syms from /usr/lib/x86_64-linux-gnu/libz.so.1.2.11
--2096087--    object doesn't have a symbol table
--2096087-- Reading syms from /usr/lib/x86_64-linux-gnu/libc.so.6
--2096087--   Considering /usr/lib/debug/.build-id/4f/7b0c955c3d81d7cac1501a2498b69d1d82bfe7.debug ..
--2096087--   .. build-id is valid
==2096087== WARNING: new redirection conflicts with existing -- ignoring it
--2096087--     old: 0x04b71c60 (memalign            ) R-> (1011.0) 0x0484e080 memalign
--2096087--     new: 0x04b71c60 (memalign            ) R-> (1017.0) 0x0484e050 aligned_alloc
==2096087== WARNING: new redirection conflicts with existing -- ignoring it
--2096087--     old: 0x04b71c60 (memalign            ) R-> (1011.0) 0x0484e080 memalign
--2096087--     new: 0x04b71c60 (memalign            ) R-> (1017.0) 0x0484e020 aligned_alloc
==2096087== WARNING: new redirection conflicts with existing -- ignoring it
--2096087--     old: 0x04b71c60 (memalign            ) R-> (1011.0) 0x0484e080 memalign
--2096087--     new: 0x04b71c60 (memalign            ) R-> (1017.0) 0x0484e050 aligned_alloc
==2096087== WARNING: new redirection conflicts with existing -- ignoring it
--2096087--     old: 0x04b71c60 (memalign            ) R-> (1011.0) 0x0484e080 memalign
--2096087--     new: 0x04b71c60 (memalign            ) R-> (1017.0) 0x0484e020 aligned_alloc
--2096087-- Reading syms from /usr/lib/x86_64-linux-gnu/libxcb.so.1.1.0
--2096087--    object doesn't have a symbol table
--2096087-- Reading syms from /usr/lib/x86_64-linux-gnu/libXau.so.6.0.0
--2096087--    object doesn't have a symbol table
--2096087-- Reading syms from /usr/lib/x86_64-linux-gnu/libXdmcp.so.6.0.0
--2096087--    object doesn't have a symbol table
--2096087-- Reading syms from /usr/lib/x86_64-linux-gnu/libbsd.so.0.11.5
--2096087--    object doesn't have a symbol table
--2096087-- Reading syms from /usr/lib/x86_64-linux-gnu/libmd.so.0.0.5
--2096087--    object doesn't have a symbol table
--2096087-- REDIR: 0x4b74720 (libc.so.6:strnlen) redirected to 0x483f220 (_vgnU_ifunc_wrapper)
--2096087-- REDIR: 0x4b749e0 (libc.so.6:strpbrk) redirected to 0x483f220 (_vgnU_ifunc_wrapper)
--2096087-- REDIR: 0x4b742e0 (libc.so.6:strcmp) redirected to 0x483f220 (_vgnU_ifunc_wrapper)
--2096087-- REDIR: 0x4b92cd0 (libc.so.6:wcsnlen) redirected to 0x483f220 (_vgnU_ifunc_wrapper)
--2096087-- REDIR: 0x4b756d0 (libc.so.6:memset) redirected to 0x483f220 (_vgnU_ifunc_wrapper)
--2096087-- REDIR: 0x4b91540 (libc.so.6:wcslen) redirected to 0x483f220 (_vgnU_ifunc_wrapper)
--2096087-- REDIR: 0x4b75c10 (libc.so.6:memcpy@@GLIBC_2.14) redirected to 0x483f220 (_vgnU_ifunc_wrapper)
--2096087-- REDIR: 0x4b91370 (libc.so.6:wcschr) redirected to 0x483f220 (_vgnU_ifunc_wrapper)
--2096087-- REDIR: 0x4b74260 (libc.so.6:index) redirected to 0x483f220 (_vgnU_ifunc_wrapper)
--2096087-- REDIR: 0x4b74960 (libc.so.6:rindex) redirected to 0x483f220 (_vgnU_ifunc_wrapper)
--2096087-- REDIR: 0x4b755a0 (libc.so.6:memmove) redirected to 0x483f220 (_vgnU_ifunc_wrapper)
==2096087== Preferring higher priority redirection:
--2096087--     old: 0x04c6c840 (__memcpy_avx_unalign) R-> (2018.0) 0x04850f90 __memcpy_avx_unaligned_erms
--2096087--     new: 0x04c6c840 (__memcpy_avx_unalign) R-> (2018.1) 0x04852880 memmove
--2096087-- REDIR: 0x4b913f0 (libc.so.6:wcscmp) redirected to 0x483f220 (_vgnU_ifunc_wrapper)
--2096087-- REDIR: 0x4b759e0 (libc.so.6:stpncpy) redirected to 0x483f220 (_vgnU_ifunc_wrapper)
--2096087-- REDIR: 0x4b919b0 (libc.so.6:wmemchr) redirected to 0x483f220 (_vgnU_ifunc_wrapper)
--2096087-- REDIR: 0x4b74830 (libc.so.6:strncmp) redirected to 0x483f220 (_vgnU_ifunc_wrapper)
--2096087-- REDIR: 0x4b75a70 (libc.so.6:strcasecmp) redirected to 0x483f220 (_vgnU_ifunc_wrapper)
--2096087-- REDIR: 0x4b74420 (libc.so.6:strcspn) redirected to 0x483f220 (_vgnU_ifunc_wrapper)
--2096087-- REDIR: 0x4b91470 (libc.so.6:wcscpy) redirected to 0x483f220 (_vgnU_ifunc_wrapper)
--2096087-- REDIR: 0x4b741d0 (libc.so.6:strcat) redirected to 0x483f220 (_vgnU_ifunc_wrapper)
--2096087-- REDIR: 0x4b75b60 (libc.so.6:strncasecmp_l) redirected to 0x483f220 (_vgnU_ifunc_wrapper)
--2096087-- REDIR: 0x4b75480 (libc.so.6:bcmp) redirected to 0x483f220 (_vgnU_ifunc_wrapper)
--2096087-- REDIR: 0x4b7d570 (libc.so.6:memrchr) redirected to 0x483f220 (_vgnU_ifunc_wrapper)
--2096087-- REDIR: 0x4b77010 (libc.so.6:strchrnul) redirected to 0x483f220 (_vgnU_ifunc_wrapper)
--2096087-- REDIR: 0x4b74390 (libc.so.6:strcpy) redirected to 0x483f220 (_vgnU_ifunc_wrapper)
--2096087-- REDIR: 0x4b75b10 (libc.so.6:strcasecmp_l) redirected to 0x483f220 (_vgnU_ifunc_wrapper)
--2096087-- REDIR: 0x4b746a0 (libc.so.6:strlen) redirected to 0x483f220 (_vgnU_ifunc_wrapper)
--2096087-- REDIR: 0x4b748d0 (libc.so.6:strncpy) redirected to 0x483f220 (_vgnU_ifunc_wrapper)
--2096087-- REDIR: 0x4b75950 (libc.so.6:stpcpy) redirected to 0x483f220 (_vgnU_ifunc_wrapper)
--2096087-- REDIR: 0x4b753f0 (libc.so.6:memchr) redirected to 0x483f220 (_vgnU_ifunc_wrapper)
--2096087-- REDIR: 0x4b74b00 (libc.so.6:strspn) redirected to 0x483f220 (_vgnU_ifunc_wrapper)
--2096087-- REDIR: 0x4b757d0 (libc.so.6:mempcpy) redirected to 0x483f220 (_vgnU_ifunc_wrapper)
--2096087-- REDIR: 0x4b75ac0 (libc.so.6:strncasecmp) redirected to 0x483f220 (_vgnU_ifunc_wrapper)
--2096087-- REDIR: 0x4b76f80 (libc.so.6:rawmemchr) redirected to 0x483f220 (_vgnU_ifunc_wrapper)
--2096087-- REDIR: 0x4c69690 (libc.so.6:__strrchr_avx2) redirected to 0x484e810 (rindex)
--2096087-- REDIR: 0x4b710a0 (libc.so.6:malloc) redirected to 0x4848820 (malloc)
--2096087-- REDIR: 0x4b713e0 (libc.so.6:free) redirected to 0x484b210 (free)
==2096087== 
==2096087== HEAP SUMMARY:
==2096087==     in use at exit: 975 bytes in 67 blocks
==2096087==   total heap usage: 144 allocs, 77 frees, 10,198 bytes allocated
==2096087== 
==2096087== Searching for pointers to 67 not-freed blocks
==2096087== Checked 176,976 bytes
==2096087== 
==2096087== 3 bytes in 1 blocks are still reachable in loss record 1 of 43
==2096087==    at 0x4848899: malloc (in /usr/libexec/valgrind/vgpreload_memcheck-amd64-linux.so)
==2096087==    by 0x40D641: ft_strdup (in /home/ravazque/Desktop/otherProjects/minirt/miniRT)
==2096087==    by 0x40AE5D: object_parser (in /home/ravazque/Desktop/otherProjects/minirt/miniRT)
==2096087==    by 0x409DD7: primitive_escene_t_asignation (in /home/ravazque/Desktop/otherProjects/minirt/miniRT)
==2096087==    by 0x40B96B: escene_primiteve_contructor (in /home/ravazque/Desktop/otherProjects/minirt/miniRT)
==2096087==    by 0x40536D: escene_constructor (in /home/ravazque/Desktop/otherProjects/minirt/miniRT)
==2096087==    by 0x4067E6: main (in /home/ravazque/Desktop/otherProjects/minirt/miniRT)
==2096087== 
==2096087== 5 bytes in 1 blocks are still reachable in loss record 2 of 43
==2096087==    at 0x4848899: malloc (in /usr/libexec/valgrind/vgpreload_memcheck-amd64-linux.so)
==2096087==    by 0x40CCAC: ft_calloc (in /home/ravazque/Desktop/otherProjects/minirt/miniRT)
==2096087==    by 0x40A801: ambient_light_parser (in /home/ravazque/Desktop/otherProjects/minirt/miniRT)
==2096087==    by 0x409E31: primitive_escene_t_asignation (in /home/ravazque/Desktop/otherProjects/minirt/miniRT)
==2096087==    by 0x40B96B: escene_primiteve_contructor (in /home/ravazque/Desktop/otherProjects/minirt/miniRT)
==2096087==    by 0x40536D: escene_constructor (in /home/ravazque/Desktop/otherProjects/minirt/miniRT)
==2096087==    by 0x4067E6: main (in /home/ravazque/Desktop/otherProjects/minirt/miniRT)
==2096087== 
==2096087== 5 bytes in 1 blocks are still reachable in loss record 3 of 43
==2096087==    at 0x4848899: malloc (in /usr/libexec/valgrind/vgpreload_memcheck-amd64-linux.so)
==2096087==    by 0x40CCAC: ft_calloc (in /home/ravazque/Desktop/otherProjects/minirt/miniRT)
==2096087==    by 0x40AD10: camera_parser (in /home/ravazque/Desktop/otherProjects/minirt/miniRT)
==2096087==    by 0x409E4A: primitive_escene_t_asignation (in /home/ravazque/Desktop/otherProjects/minirt/miniRT)
==2096087==    by 0x40B96B: escene_primiteve_contructor (in /home/ravazque/Desktop/otherProjects/minirt/miniRT)
==2096087==    by 0x40536D: escene_constructor (in /home/ravazque/Desktop/otherProjects/minirt/miniRT)
==2096087==    by 0x4067E6: main (in /home/ravazque/Desktop/otherProjects/minirt/miniRT)
==2096087== 
==2096087== 5 bytes in 1 blocks are still reachable in loss record 4 of 43
==2096087==    at 0x4848899: malloc (in /usr/libexec/valgrind/vgpreload_memcheck-amd64-linux.so)
==2096087==    by 0x40CCAC: ft_calloc (in /home/ravazque/Desktop/otherProjects/minirt/miniRT)
==2096087==    by 0x40B32E: object_parser (in /home/ravazque/Desktop/otherProjects/minirt/miniRT)
==2096087==    by 0x409DD7: primitive_escene_t_asignation (in /home/ravazque/Desktop/otherProjects/minirt/miniRT)
==2096087==    by 0x40B96B: escene_primiteve_contructor (in /home/ravazque/Desktop/otherProjects/minirt/miniRT)
==2096087==    by 0x40536D: escene_constructor (in /home/ravazque/Desktop/otherProjects/minirt/miniRT)
==2096087==    by 0x4067E6: main (in /home/ravazque/Desktop/otherProjects/minirt/miniRT)
==2096087== 
==2096087== 5 bytes in 1 blocks are still reachable in loss record 5 of 43
==2096087==    at 0x4848899: malloc (in /usr/libexec/valgrind/vgpreload_memcheck-amd64-linux.so)
==2096087==    by 0x40CCAC: ft_calloc (in /home/ravazque/Desktop/otherProjects/minirt/miniRT)
==2096087==    by 0x40B3BC: object_parser (in /home/ravazque/Desktop/otherProjects/minirt/miniRT)
==2096087==    by 0x409DD7: primitive_escene_t_asignation (in /home/ravazque/Desktop/otherProjects/minirt/miniRT)
==2096087==    by 0x40B96B: escene_primiteve_contructor (in /home/ravazque/Desktop/otherProjects/minirt/miniRT)
==2096087==    by 0x40536D: escene_constructor (in /home/ravazque/Desktop/otherProjects/minirt/miniRT)
==2096087==    by 0x4067E6: main (in /home/ravazque/Desktop/otherProjects/minirt/miniRT)
==2096087== 
==2096087== 9 bytes in 1 blocks are still reachable in loss record 6 of 43
==2096087==    at 0x4848899: malloc (in /usr/libexec/valgrind/vgpreload_memcheck-amd64-linux.so)
==2096087==    by 0x40CCAC: ft_calloc (in /home/ravazque/Desktop/otherProjects/minirt/miniRT)
==2096087==    by 0x409D77: primitive_escene_t_asignation (in /home/ravazque/Desktop/otherProjects/minirt/miniRT)
==2096087==    by 0x40B96B: escene_primiteve_contructor (in /home/ravazque/Desktop/otherProjects/minirt/miniRT)
==2096087==    by 0x40536D: escene_constructor (in /home/ravazque/Desktop/otherProjects/minirt/miniRT)
==2096087==    by 0x4067E6: main (in /home/ravazque/Desktop/otherProjects/minirt/miniRT)
==2096087== 
==2096087== 9 bytes in 1 blocks are still reachable in loss record 7 of 43
==2096087==    at 0x4848899: malloc (in /usr/libexec/valgrind/vgpreload_memcheck-amd64-linux.so)
==2096087==    by 0x40CCAC: ft_calloc (in /home/ravazque/Desktop/otherProjects/minirt/miniRT)
==2096087==    by 0x409D8A: primitive_escene_t_asignation (in /home/ravazque/Desktop/otherProjects/minirt/miniRT)
==2096087==    by 0x40B96B: escene_primiteve_contructor (in /home/ravazque/Desktop/otherProjects/minirt/miniRT)
==2096087==    by 0x40536D: escene_constructor (in /home/ravazque/Desktop/otherProjects/minirt/miniRT)
==2096087==    by 0x4067E6: main (in /home/ravazque/Desktop/otherProjects/minirt/miniRT)
==2096087== 
==2096087== 9 bytes in 1 blocks are still reachable in loss record 8 of 43
==2096087==    at 0x4848899: malloc (in /usr/libexec/valgrind/vgpreload_memcheck-amd64-linux.so)
==2096087==    by 0x40CCAC: ft_calloc (in /home/ravazque/Desktop/otherProjects/minirt/miniRT)
==2096087==    by 0x409D9D: primitive_escene_t_asignation (in /home/ravazque/Desktop/otherProjects/minirt/miniRT)
==2096087==    by 0x40B96B: escene_primiteve_contructor (in /home/ravazque/Desktop/otherProjects/minirt/miniRT)
==2096087==    by 0x40536D: escene_constructor (in /home/ravazque/Desktop/otherProjects/minirt/miniRT)
==2096087==    by 0x4067E6: main (in /home/ravazque/Desktop/otherProjects/minirt/miniRT)
==2096087== 
==2096087== 9 bytes in 1 blocks are still reachable in loss record 9 of 43
==2096087==    at 0x4848899: malloc (in /usr/libexec/valgrind/vgpreload_memcheck-amd64-linux.so)
==2096087==    by 0x40CCAC: ft_calloc (in /home/ravazque/Desktop/otherProjects/minirt/miniRT)
==2096087==    by 0x409DB0: primitive_escene_t_asignation (in /home/ravazque/Desktop/otherProjects/minirt/miniRT)
==2096087==    by 0x40B96B: escene_primiteve_contructor (in /home/ravazque/Desktop/otherProjects/minirt/miniRT)
==2096087==    by 0x40536D: escene_constructor (in /home/ravazque/Desktop/otherProjects/minirt/miniRT)
==2096087==    by 0x4067E6: main (in /home/ravazque/Desktop/otherProjects/minirt/miniRT)
==2096087== 
==2096087== 9 bytes in 1 blocks are still reachable in loss record 10 of 43
==2096087==    at 0x4848899: malloc (in /usr/libexec/valgrind/vgpreload_memcheck-amd64-linux.so)
==2096087==    by 0x40CCAC: ft_calloc (in /home/ravazque/Desktop/otherProjects/minirt/miniRT)
==2096087==    by 0x40BCF0: list_of_float_checker (in /home/ravazque/Desktop/otherProjects/minirt/miniRT)
==2096087==    by 0x40A86E: ambient_light_parser (in /home/ravazque/Desktop/otherProjects/minirt/miniRT)
==2096087==    by 0x409E31: primitive_escene_t_asignation (in /home/ravazque/Desktop/otherProjects/minirt/miniRT)
==2096087==    by 0x40B96B: escene_primiteve_contructor (in /home/ravazque/Desktop/otherProjects/minirt/miniRT)
==2096087==    by 0x40536D: escene_constructor (in /home/ravazque/Desktop/otherProjects/minirt/miniRT)
==2096087==    by 0x4067E6: main (in /home/ravazque/Desktop/otherProjects/minirt/miniRT)
==2096087== 
==2096087== 9 bytes in 1 blocks are still reachable in loss record 11 of 43
==2096087==    at 0x4848899: malloc (in /usr/libexec/valgrind/vgpreload_memcheck-amd64-linux.so)
==2096087==    by 0x40CCAC: ft_calloc (in /home/ravazque/Desktop/otherProjects/minirt/miniRT)
==2096087==    by 0x40BCF0: list_of_float_checker (in /home/ravazque/Desktop/otherProjects/minirt/miniRT)
==2096087==    by 0x40ABF5: camera_parser (in /home/ravazque/Desktop/otherProjects/minirt/miniRT)
==2096087==    by 0x409E4A: primitive_escene_t_asignation (in /home/ravazque/Desktop/otherProjects/minirt/miniRT)
==2096087==    by 0x40B96B: escene_primiteve_contructor (in /home/ravazque/Desktop/otherProjects/minirt/miniRT)
==2096087==    by 0x40536D: escene_constructor (in /home/ravazque/Desktop/otherProjects/minirt/miniRT)
==2096087==    by 0x4067E6: main (in /home/ravazque/Desktop/otherProjects/minirt/miniRT)
==2096087== 
==2096087== 9 bytes in 1 blocks are still reachable in loss record 12 of 43
==2096087==    at 0x4848899: malloc (in /usr/libexec/valgrind/vgpreload_memcheck-amd64-linux.so)
==2096087==    by 0x40CCAC: ft_calloc (in /home/ravazque/Desktop/otherProjects/minirt/miniRT)
==2096087==    by 0x40BCF0: list_of_float_checker (in /home/ravazque/Desktop/otherProjects/minirt/miniRT)
==2096087==    by 0x40AC5E: camera_parser (in /home/ravazque/Desktop/otherProjects/minirt/miniRT)
==2096087==    by 0x409E4A: primitive_escene_t_asignation (in /home/ravazque/Desktop/otherProjects/minirt/miniRT)
==2096087==    by 0x40B96B: escene_primiteve_contructor (in /home/ravazque/Desktop/otherProjects/minirt/miniRT)
==2096087==    by 0x40536D: escene_constructor (in /home/ravazque/Desktop/otherProjects/minirt/miniRT)
==2096087==    by 0x4067E6: main (in /home/ravazque/Desktop/otherProjects/minirt/miniRT)
==2096087== 
==2096087== 9 bytes in 1 blocks are still reachable in loss record 13 of 43
==2096087==    at 0x4848899: malloc (in /usr/libexec/valgrind/vgpreload_memcheck-amd64-linux.so)
==2096087==    by 0x40CCAC: ft_calloc (in /home/ravazque/Desktop/otherProjects/minirt/miniRT)
==2096087==    by 0x40AE4E: object_parser (in /home/ravazque/Desktop/otherProjects/minirt/miniRT)
==2096087==    by 0x409DD7: primitive_escene_t_asignation (in /home/ravazque/Desktop/otherProjects/minirt/miniRT)
==2096087==    by 0x40B96B: escene_primiteve_contructor (in /home/ravazque/Desktop/otherProjects/minirt/miniRT)
==2096087==    by 0x40536D: escene_constructor (in /home/ravazque/Desktop/otherProjects/minirt/miniRT)
==2096087==    by 0x4067E6: main (in /home/ravazque/Desktop/otherProjects/minirt/miniRT)
==2096087== 
==2096087== 9 bytes in 1 blocks are still reachable in loss record 14 of 43
==2096087==    at 0x4848899: malloc (in /usr/libexec/valgrind/vgpreload_memcheck-amd64-linux.so)
==2096087==    by 0x40CCAC: ft_calloc (in /home/ravazque/Desktop/otherProjects/minirt/miniRT)
==2096087==    by 0x40BCF0: list_of_float_checker (in /home/ravazque/Desktop/otherProjects/minirt/miniRT)
==2096087==    by 0x40AE9E: object_parser (in /home/ravazque/Desktop/otherProjects/minirt/miniRT)
==2096087==    by 0x409DD7: primitive_escene_t_asignation (in /home/ravazque/Desktop/otherProjects/minirt/miniRT)
==2096087==    by 0x40B96B: escene_primiteve_contructor (in /home/ravazque/Desktop/otherProjects/minirt/miniRT)
==2096087==    by 0x40536D: escene_constructor (in /home/ravazque/Desktop/otherProjects/minirt/miniRT)
==2096087==    by 0x4067E6: main (in /home/ravazque/Desktop/otherProjects/minirt/miniRT)
==2096087== 
==2096087== 9 bytes in 1 blocks are still reachable in loss record 15 of 43
==2096087==    at 0x4848899: malloc (in /usr/libexec/valgrind/vgpreload_memcheck-amd64-linux.so)
==2096087==    by 0x40CCAC: ft_calloc (in /home/ravazque/Desktop/otherProjects/minirt/miniRT)
==2096087==    by 0x40BCF0: list_of_float_checker (in /home/ravazque/Desktop/otherProjects/minirt/miniRT)
==2096087==    by 0x40AEFD: object_parser (in /home/ravazque/Desktop/otherProjects/minirt/miniRT)
==2096087==    by 0x409DD7: primitive_escene_t_asignation (in /home/ravazque/Desktop/otherProjects/minirt/miniRT)
==2096087==    by 0x40B96B: escene_primiteve_contructor (in /home/ravazque/Desktop/otherProjects/minirt/miniRT)
==2096087==    by 0x40536D: escene_constructor (in /home/ravazque/Desktop/otherProjects/minirt/miniRT)
==2096087==    by 0x4067E6: main (in /home/ravazque/Desktop/otherProjects/minirt/miniRT)
==2096087== 
==2096087== 9 bytes in 1 blocks are still reachable in loss record 16 of 43
==2096087==    at 0x4848899: malloc (in /usr/libexec/valgrind/vgpreload_memcheck-amd64-linux.so)
==2096087==    by 0x40CCAC: ft_calloc (in /home/ravazque/Desktop/otherProjects/minirt/miniRT)
==2096087==    by 0x40BCF0: list_of_float_checker (in /home/ravazque/Desktop/otherProjects/minirt/miniRT)
==2096087==    by 0x40B416: object_parser (in /home/ravazque/Desktop/otherProjects/minirt/miniRT)
==2096087==    by 0x409DD7: primitive_escene_t_asignation (in /home/ravazque/Desktop/otherProjects/minirt/miniRT)
==2096087==    by 0x40B96B: escene_primiteve_contructor (in /home/ravazque/Desktop/otherProjects/minirt/miniRT)
==2096087==    by 0x40536D: escene_constructor (in /home/ravazque/Desktop/otherProjects/minirt/miniRT)
==2096087==    by 0x4067E6: main (in /home/ravazque/Desktop/otherProjects/minirt/miniRT)
==2096087== 
==2096087== 15 bytes in 3 blocks are still reachable in loss record 17 of 43
==2096087==    at 0x4848899: malloc (in /usr/libexec/valgrind/vgpreload_memcheck-amd64-linux.so)
==2096087==    by 0x40CCAC: ft_calloc (in /home/ravazque/Desktop/otherProjects/minirt/miniRT)
==2096087==    by 0x40BD7E: list_of_float_checker (in /home/ravazque/Desktop/otherProjects/minirt/miniRT)
==2096087==    by 0x40A86E: ambient_light_parser (in /home/ravazque/Desktop/otherProjects/minirt/miniRT)
==2096087==    by 0x409E31: primitive_escene_t_asignation (in /home/ravazque/Desktop/otherProjects/minirt/miniRT)
==2096087==    by 0x40B96B: escene_primiteve_contructor (in /home/ravazque/Desktop/otherProjects/minirt/miniRT)
==2096087==    by 0x40536D: escene_constructor (in /home/ravazque/Desktop/otherProjects/minirt/miniRT)
==2096087==    by 0x4067E6: main (in /home/ravazque/Desktop/otherProjects/minirt/miniRT)
==2096087== 
==2096087== 15 bytes in 3 blocks are still reachable in loss record 18 of 43
==2096087==    at 0x4848899: malloc (in /usr/libexec/valgrind/vgpreload_memcheck-amd64-linux.so)
==2096087==    by 0x40CCAC: ft_calloc (in /home/ravazque/Desktop/otherProjects/minirt/miniRT)
==2096087==    by 0x40BE1E: list_of_float_checker (in /home/ravazque/Desktop/otherProjects/minirt/miniRT)
==2096087==    by 0x40ABF5: camera_parser (in /home/ravazque/Desktop/otherProjects/minirt/miniRT)
==2096087==    by 0x409E4A: primitive_escene_t_asignation (in /home/ravazque/Desktop/otherProjects/minirt/miniRT)
==2096087==    by 0x40B96B: escene_primiteve_contructor (in /home/ravazque/Desktop/otherProjects/minirt/miniRT)
==2096087==    by 0x40536D: escene_constructor (in /home/ravazque/Desktop/otherProjects/minirt/miniRT)
==2096087==    by 0x4067E6: main (in /home/ravazque/Desktop/otherProjects/minirt/miniRT)
==2096087== 
==2096087== 15 bytes in 3 blocks are still reachable in loss record 19 of 43
==2096087==    at 0x4848899: malloc (in /usr/libexec/valgrind/vgpreload_memcheck-amd64-linux.so)
==2096087==    by 0x40CCAC: ft_calloc (in /home/ravazque/Desktop/otherProjects/minirt/miniRT)
==2096087==    by 0x40BE1E: list_of_float_checker (in /home/ravazque/Desktop/otherProjects/minirt/miniRT)
==2096087==    by 0x40AC5E: camera_parser (in /home/ravazque/Desktop/otherProjects/minirt/miniRT)
==2096087==    by 0x409E4A: primitive_escene_t_asignation (in /home/ravazque/Desktop/otherProjects/minirt/miniRT)
==2096087==    by 0x40B96B: escene_primiteve_contructor (in /home/ravazque/Desktop/otherProjects/minirt/miniRT)
==2096087==    by 0x40536D: escene_constructor (in /home/ravazque/Desktop/otherProjects/minirt/miniRT)
==2096087==    by 0x4067E6: main (in /home/ravazque/Desktop/otherProjects/minirt/miniRT)
==2096087== 
==2096087== 15 bytes in 3 blocks are still reachable in loss record 20 of 43
==2096087==    at 0x4848899: malloc (in /usr/libexec/valgrind/vgpreload_memcheck-amd64-linux.so)
==2096087==    by 0x40CCAC: ft_calloc (in /home/ravazque/Desktop/otherProjects/minirt/miniRT)
==2096087==    by 0x40BE1E: list_of_float_checker (in /home/ravazque/Desktop/otherProjects/minirt/miniRT)
==2096087==    by 0x40AE9E: object_parser (in /home/ravazque/Desktop/otherProjects/minirt/miniRT)
==2096087==    by 0x409DD7: primitive_escene_t_asignation (in /home/ravazque/Desktop/otherProjects/minirt/miniRT)
==2096087==    by 0x40B96B: escene_primiteve_contructor (in /home/ravazque/Desktop/otherProjects/minirt/miniRT)
==2096087==    by 0x40536D: escene_constructor (in /home/ravazque/Desktop/otherProjects/minirt/miniRT)
==2096087==    by 0x4067E6: main (in /home/ravazque/Desktop/otherProjects/minirt/miniRT)
==2096087== 
==2096087== 15 bytes in 3 blocks are still reachable in loss record 21 of 43
==2096087==    at 0x4848899: malloc (in /usr/libexec/valgrind/vgpreload_memcheck-amd64-linux.so)
==2096087==    by 0x40CCAC: ft_calloc (in /home/ravazque/Desktop/otherProjects/minirt/miniRT)
==2096087==    by 0x40BE1E: list_of_float_checker (in /home/ravazque/Desktop/otherProjects/minirt/miniRT)
==2096087==    by 0x40AEFD: object_parser (in /home/ravazque/Desktop/otherProjects/minirt/miniRT)
==2096087==    by 0x409DD7: primitive_escene_t_asignation (in /home/ravazque/Desktop/otherProjects/minirt/miniRT)
==2096087==    by 0x40B96B: escene_primiteve_contructor (in /home/ravazque/Desktop/otherProjects/minirt/miniRT)
==2096087==    by 0x40536D: escene_constructor (in /home/ravazque/Desktop/otherProjects/minirt/miniRT)
==2096087==    by 0x4067E6: main (in /home/ravazque/Desktop/otherProjects/minirt/miniRT)
==2096087== 
==2096087== 15 bytes in 3 blocks are still reachable in loss record 22 of 43
==2096087==    at 0x4848899: malloc (in /usr/libexec/valgrind/vgpreload_memcheck-amd64-linux.so)
==2096087==    by 0x40CCAC: ft_calloc (in /home/ravazque/Desktop/otherProjects/minirt/miniRT)
==2096087==    by 0x40BD7E: list_of_float_checker (in /home/ravazque/Desktop/otherProjects/minirt/miniRT)
==2096087==    by 0x40B416: object_parser (in /home/ravazque/Desktop/otherProjects/minirt/miniRT)
==2096087==    by 0x409DD7: primitive_escene_t_asignation (in /home/ravazque/Desktop/otherProjects/minirt/miniRT)
==2096087==    by 0x40B96B: escene_primiteve_contructor (in /home/ravazque/Desktop/otherProjects/minirt/miniRT)
==2096087==    by 0x40536D: escene_constructor (in /home/ravazque/Desktop/otherProjects/minirt/miniRT)
==2096087==    by 0x4067E6: main (in /home/ravazque/Desktop/otherProjects/minirt/miniRT)
==2096087== 
==2096087== 16 bytes in 1 blocks are still reachable in loss record 23 of 43
==2096087==    at 0x4848899: malloc (in /usr/libexec/valgrind/vgpreload_memcheck-amd64-linux.so)
==2096087==    by 0x40CF2D: ft_lstnew (in /home/ravazque/Desktop/otherProjects/minirt/miniRT)
==2096087==    by 0x40A82E: ambient_light_parser (in /home/ravazque/Desktop/otherProjects/minirt/miniRT)
==2096087==    by 0x409E31: primitive_escene_t_asignation (in /home/ravazque/Desktop/otherProjects/minirt/miniRT)
==2096087==    by 0x40B96B: escene_primiteve_contructor (in /home/ravazque/Desktop/otherProjects/minirt/miniRT)
==2096087==    by 0x40536D: escene_constructor (in /home/ravazque/Desktop/otherProjects/minirt/miniRT)
==2096087==    by 0x4067E6: main (in /home/ravazque/Desktop/otherProjects/minirt/miniRT)
==2096087== 
==2096087== 16 bytes in 1 blocks are still reachable in loss record 24 of 43
==2096087==    at 0x4848899: malloc (in /usr/libexec/valgrind/vgpreload_memcheck-amd64-linux.so)
==2096087==    by 0x40CF2D: ft_lstnew (in /home/ravazque/Desktop/otherProjects/minirt/miniRT)
==2096087==    by 0x40A886: ambient_light_parser (in /home/ravazque/Desktop/otherProjects/minirt/miniRT)
==2096087==    by 0x409E31: primitive_escene_t_asignation (in /home/ravazque/Desktop/otherProjects/minirt/miniRT)
==2096087==    by 0x40B96B: escene_primiteve_contructor (in /home/ravazque/Desktop/otherProjects/minirt/miniRT)
==2096087==    by 0x40536D: escene_constructor (in /home/ravazque/Desktop/otherProjects/minirt/miniRT)
==2096087==    by 0x4067E6: main (in /home/ravazque/Desktop/otherProjects/minirt/miniRT)
==2096087== 
==2096087== 16 bytes in 1 blocks are still reachable in loss record 25 of 43
==2096087==    at 0x4848899: malloc (in /usr/libexec/valgrind/vgpreload_memcheck-amd64-linux.so)
==2096087==    by 0x40CF2D: ft_lstnew (in /home/ravazque/Desktop/otherProjects/minirt/miniRT)
==2096087==    by 0x40AC1A: camera_parser (in /home/ravazque/Desktop/otherProjects/minirt/miniRT)
==2096087==    by 0x409E4A: primitive_escene_t_asignation (in /home/ravazque/Desktop/otherProjects/minirt/miniRT)
==2096087==    by 0x40B96B: escene_primiteve_contructor (in /home/ravazque/Desktop/otherProjects/minirt/miniRT)
==2096087==    by 0x40536D: escene_constructor (in /home/ravazque/Desktop/otherProjects/minirt/miniRT)
==2096087==    by 0x4067E6: main (in /home/ravazque/Desktop/otherProjects/minirt/miniRT)
==2096087== 
==2096087== 16 bytes in 1 blocks are still reachable in loss record 26 of 43
==2096087==    at 0x4848899: malloc (in /usr/libexec/valgrind/vgpreload_memcheck-amd64-linux.so)
==2096087==    by 0x40CF2D: ft_lstnew (in /home/ravazque/Desktop/otherProjects/minirt/miniRT)
==2096087==    by 0x40AC7A: camera_parser (in /home/ravazque/Desktop/otherProjects/minirt/miniRT)
==2096087==    by 0x409E4A: primitive_escene_t_asignation (in /home/ravazque/Desktop/otherProjects/minirt/miniRT)
==2096087==    by 0x40B96B: escene_primiteve_contructor (in /home/ravazque/Desktop/otherProjects/minirt/miniRT)
==2096087==    by 0x40536D: escene_constructor (in /home/ravazque/Desktop/otherProjects/minirt/miniRT)
==2096087==    by 0x4067E6: main (in /home/ravazque/Desktop/otherProjects/minirt/miniRT)
==2096087== 
==2096087== 16 bytes in 1 blocks are still reachable in loss record 27 of 43
==2096087==    at 0x4848899: malloc (in /usr/libexec/valgrind/vgpreload_memcheck-amd64-linux.so)
==2096087==    by 0x40CF2D: ft_lstnew (in /home/ravazque/Desktop/otherProjects/minirt/miniRT)
==2096087==    by 0x40AD3C: camera_parser (in /home/ravazque/Desktop/otherProjects/minirt/miniRT)
==2096087==    by 0x409E4A: primitive_escene_t_asignation (in /home/ravazque/Desktop/otherProjects/minirt/miniRT)
==2096087==    by 0x40B96B: escene_primiteve_contructor (in /home/ravazque/Desktop/otherProjects/minirt/miniRT)
==2096087==    by 0x40536D: escene_constructor (in /home/ravazque/Desktop/otherProjects/minirt/miniRT)
==2096087==    by 0x4067E6: main (in /home/ravazque/Desktop/otherProjects/minirt/miniRT)
==2096087== 
==2096087== 16 bytes in 1 blocks are still reachable in loss record 28 of 43
==2096087==    at 0x4848899: malloc (in /usr/libexec/valgrind/vgpreload_memcheck-amd64-linux.so)
==2096087==    by 0x40CF2D: ft_lstnew (in /home/ravazque/Desktop/otherProjects/minirt/miniRT)
==2096087==    by 0x40AE65: object_parser (in /home/ravazque/Desktop/otherProjects/minirt/miniRT)
==2096087==    by 0x409DD7: primitive_escene_t_asignation (in /home/ravazque/Desktop/otherProjects/minirt/miniRT)
==2096087==    by 0x40B96B: escene_primiteve_contructor (in /home/ravazque/Desktop/otherProjects/minirt/miniRT)
==2096087==    by 0x40536D: escene_constructor (in /home/ravazque/Desktop/otherProjects/minirt/miniRT)
==2096087==    by 0x4067E6: main (in /home/ravazque/Desktop/otherProjects/minirt/miniRT)
==2096087== 
==2096087== 16 bytes in 1 blocks are still reachable in loss record 29 of 43
==2096087==    at 0x4848899: malloc (in /usr/libexec/valgrind/vgpreload_memcheck-amd64-linux.so)
==2096087==    by 0x40CF2D: ft_lstnew (in /home/ravazque/Desktop/otherProjects/minirt/miniRT)
==2096087==    by 0x40AEBD: object_parser (in /home/ravazque/Desktop/otherProjects/minirt/miniRT)
==2096087==    by 0x409DD7: primitive_escene_t_asignation (in /home/ravazque/Desktop/otherProjects/minirt/miniRT)
==2096087==    by 0x40B96B: escene_primiteve_contructor (in /home/ravazque/Desktop/otherProjects/minirt/miniRT)
==2096087==    by 0x40536D: escene_constructor (in /home/ravazque/Desktop/otherProjects/minirt/miniRT)
==2096087==    by 0x4067E6: main (in /home/ravazque/Desktop/otherProjects/minirt/miniRT)
==2096087== 
==2096087== 16 bytes in 1 blocks are still reachable in loss record 30 of 43
==2096087==    at 0x4848899: malloc (in /usr/libexec/valgrind/vgpreload_memcheck-amd64-linux.so)
==2096087==    by 0x40CF2D: ft_lstnew (in /home/ravazque/Desktop/otherProjects/minirt/miniRT)
==2096087==    by 0x40AF19: object_parser (in /home/ravazque/Desktop/otherProjects/minirt/miniRT)
==2096087==    by 0x409DD7: primitive_escene_t_asignation (in /home/ravazque/Desktop/otherProjects/minirt/miniRT)
==2096087==    by 0x40B96B: escene_primiteve_contructor (in /home/ravazque/Desktop/otherProjects/minirt/miniRT)
==2096087==    by 0x40536D: escene_constructor (in /home/ravazque/Desktop/otherProjects/minirt/miniRT)
==2096087==    by 0x4067E6: main (in /home/ravazque/Desktop/otherProjects/minirt/miniRT)
==2096087== 
==2096087== 16 bytes in 1 blocks are still reachable in loss record 31 of 43
==2096087==    at 0x4848899: malloc (in /usr/libexec/valgrind/vgpreload_memcheck-amd64-linux.so)
==2096087==    by 0x40CF2D: ft_lstnew (in /home/ravazque/Desktop/otherProjects/minirt/miniRT)
==2096087==    by 0x40B347: object_parser (in /home/ravazque/Desktop/otherProjects/minirt/miniRT)
==2096087==    by 0x409DD7: primitive_escene_t_asignation (in /home/ravazque/Desktop/otherProjects/minirt/miniRT)
==2096087==    by 0x40B96B: escene_primiteve_contructor (in /home/ravazque/Desktop/otherProjects/minirt/miniRT)
==2096087==    by 0x40536D: escene_constructor (in /home/ravazque/Desktop/otherProjects/minirt/miniRT)
==2096087==    by 0x4067E6: main (in /home/ravazque/Desktop/otherProjects/minirt/miniRT)
==2096087== 
==2096087== 16 bytes in 1 blocks are still reachable in loss record 32 of 43
==2096087==    at 0x4848899: malloc (in /usr/libexec/valgrind/vgpreload_memcheck-amd64-linux.so)
==2096087==    by 0x40CF2D: ft_lstnew (in /home/ravazque/Desktop/otherProjects/minirt/miniRT)
==2096087==    by 0x40B3D5: object_parser (in /home/ravazque/Desktop/otherProjects/minirt/miniRT)
==2096087==    by 0x409DD7: primitive_escene_t_asignation (in /home/ravazque/Desktop/otherProjects/minirt/miniRT)
==2096087==    by 0x40B96B: escene_primiteve_contructor (in /home/ravazque/Desktop/otherProjects/minirt/miniRT)
==2096087==    by 0x40536D: escene_constructor (in /home/ravazque/Desktop/otherProjects/minirt/miniRT)
==2096087==    by 0x4067E6: main (in /home/ravazque/Desktop/otherProjects/minirt/miniRT)
==2096087== 
==2096087== 16 bytes in 1 blocks are still reachable in loss record 33 of 43
==2096087==    at 0x4848899: malloc (in /usr/libexec/valgrind/vgpreload_memcheck-amd64-linux.so)
==2096087==    by 0x40CF2D: ft_lstnew (in /home/ravazque/Desktop/otherProjects/minirt/miniRT)
==2096087==    by 0x40B42E: object_parser (in /home/ravazque/Desktop/otherProjects/minirt/miniRT)
==2096087==    by 0x409DD7: primitive_escene_t_asignation (in /home/ravazque/Desktop/otherProjects/minirt/miniRT)
==2096087==    by 0x40B96B: escene_primiteve_contructor (in /home/ravazque/Desktop/otherProjects/minirt/miniRT)
==2096087==    by 0x40536D: escene_constructor (in /home/ravazque/Desktop/otherProjects/minirt/miniRT)
==2096087==    by 0x4067E6: main (in /home/ravazque/Desktop/otherProjects/minirt/miniRT)
==2096087== 
==2096087== 16 bytes in 1 blocks are still reachable in loss record 34 of 43
==2096087==    at 0x4848899: malloc (in /usr/libexec/valgrind/vgpreload_memcheck-amd64-linux.so)
==2096087==    by 0x40CF2D: ft_lstnew (in /home/ravazque/Desktop/otherProjects/minirt/miniRT)
==2096087==    by 0x40B446: object_parser (in /home/ravazque/Desktop/otherProjects/minirt/miniRT)
==2096087==    by 0x409DD7: primitive_escene_t_asignation (in /home/ravazque/Desktop/otherProjects/minirt/miniRT)
==2096087==    by 0x40B96B: escene_primiteve_contructor (in /home/ravazque/Desktop/otherProjects/minirt/miniRT)
==2096087==    by 0x40536D: escene_constructor (in /home/ravazque/Desktop/otherProjects/minirt/miniRT)
==2096087==    by 0x4067E6: main (in /home/ravazque/Desktop/otherProjects/minirt/miniRT)
==2096087== 
==2096087== 33 bytes in 1 blocks are still reachable in loss record 35 of 43
==2096087==    at 0x4848899: malloc (in /usr/libexec/valgrind/vgpreload_memcheck-amd64-linux.so)
==2096087==    by 0x40CCAC: ft_calloc (in /home/ravazque/Desktop/otherProjects/minirt/miniRT)
==2096087==    by 0x405362: escene_constructor (in /home/ravazque/Desktop/otherProjects/minirt/miniRT)
==2096087==    by 0x4067E6: main (in /home/ravazque/Desktop/otherProjects/minirt/miniRT)
==2096087== 
==2096087== 33 bytes in 1 blocks are still reachable in loss record 36 of 43
==2096087==    at 0x4848899: malloc (in /usr/libexec/valgrind/vgpreload_memcheck-amd64-linux.so)
==2096087==    by 0x40CCAC: ft_calloc (in /home/ravazque/Desktop/otherProjects/minirt/miniRT)
==2096087==    by 0x40B84A: escene_primiteve_contructor (in /home/ravazque/Desktop/otherProjects/minirt/miniRT)
==2096087==    by 0x40536D: escene_constructor (in /home/ravazque/Desktop/otherProjects/minirt/miniRT)
==2096087==    by 0x4067E6: main (in /home/ravazque/Desktop/otherProjects/minirt/miniRT)
==2096087== 
==2096087== 48 bytes in 3 blocks are still reachable in loss record 37 of 43
==2096087==    at 0x4848899: malloc (in /usr/libexec/valgrind/vgpreload_memcheck-amd64-linux.so)
==2096087==    by 0x40CF2D: ft_lstnew (in /home/ravazque/Desktop/otherProjects/minirt/miniRT)
==2096087==    by 0x40BDB1: list_of_float_checker (in /home/ravazque/Desktop/otherProjects/minirt/miniRT)
==2096087==    by 0x40A86E: ambient_light_parser (in /home/ravazque/Desktop/otherProjects/minirt/miniRT)
==2096087==    by 0x409E31: primitive_escene_t_asignation (in /home/ravazque/Desktop/otherProjects/minirt/miniRT)
==2096087==    by 0x40B96B: escene_primiteve_contructor (in /home/ravazque/Desktop/otherProjects/minirt/miniRT)
==2096087==    by 0x40536D: escene_constructor (in /home/ravazque/Desktop/otherProjects/minirt/miniRT)
==2096087==    by 0x4067E6: main (in /home/ravazque/Desktop/otherProjects/minirt/miniRT)
==2096087== 
==2096087== 48 bytes in 3 blocks are still reachable in loss record 38 of 43
==2096087==    at 0x4848899: malloc (in /usr/libexec/valgrind/vgpreload_memcheck-amd64-linux.so)
==2096087==    by 0x40CF2D: ft_lstnew (in /home/ravazque/Desktop/otherProjects/minirt/miniRT)
==2096087==    by 0x40BE35: list_of_float_checker (in /home/ravazque/Desktop/otherProjects/minirt/miniRT)
==2096087==    by 0x40ABF5: camera_parser (in /home/ravazque/Desktop/otherProjects/minirt/miniRT)
==2096087==    by 0x409E4A: primitive_escene_t_asignation (in /home/ravazque/Desktop/otherProjects/minirt/miniRT)
==2096087==    by 0x40B96B: escene_primiteve_contructor (in /home/ravazque/Desktop/otherProjects/minirt/miniRT)
==2096087==    by 0x40536D: escene_constructor (in /home/ravazque/Desktop/otherProjects/minirt/miniRT)
==2096087==    by 0x4067E6: main (in /home/ravazque/Desktop/otherProjects/minirt/miniRT)
==2096087== 
==2096087== 48 bytes in 3 blocks are still reachable in loss record 39 of 43
==2096087==    at 0x4848899: malloc (in /usr/libexec/valgrind/vgpreload_memcheck-amd64-linux.so)
==2096087==    by 0x40CF2D: ft_lstnew (in /home/ravazque/Desktop/otherProjects/minirt/miniRT)
==2096087==    by 0x40BE35: list_of_float_checker (in /home/ravazque/Desktop/otherProjects/minirt/miniRT)
==2096087==    by 0x40AC5E: camera_parser (in /home/ravazque/Desktop/otherProjects/minirt/miniRT)
==2096087==    by 0x409E4A: primitive_escene_t_asignation (in /home/ravazque/Desktop/otherProjects/minirt/miniRT)
==2096087==    by 0x40B96B: escene_primiteve_contructor (in /home/ravazque/Desktop/otherProjects/minirt/miniRT)
==2096087==    by 0x40536D: escene_constructor (in /home/ravazque/Desktop/otherProjects/minirt/miniRT)
==2096087==    by 0x4067E6: main (in /home/ravazque/Desktop/otherProjects/minirt/miniRT)
==2096087== 
==2096087== 48 bytes in 3 blocks are still reachable in loss record 40 of 43
==2096087==    at 0x4848899: malloc (in /usr/libexec/valgrind/vgpreload_memcheck-amd64-linux.so)
==2096087==    by 0x40CF2D: ft_lstnew (in /home/ravazque/Desktop/otherProjects/minirt/miniRT)
==2096087==    by 0x40BE35: list_of_float_checker (in /home/ravazque/Desktop/otherProjects/minirt/miniRT)
==2096087==    by 0x40AE9E: object_parser (in /home/ravazque/Desktop/otherProjects/minirt/miniRT)
==2096087==    by 0x409DD7: primitive_escene_t_asignation (in /home/ravazque/Desktop/otherProjects/minirt/miniRT)
==2096087==    by 0x40B96B: escene_primiteve_contructor (in /home/ravazque/Desktop/otherProjects/minirt/miniRT)
==2096087==    by 0x40536D: escene_constructor (in /home/ravazque/Desktop/otherProjects/minirt/miniRT)
==2096087==    by 0x4067E6: main (in /home/ravazque/Desktop/otherProjects/minirt/miniRT)
==2096087== 
==2096087== 48 bytes in 3 blocks are still reachable in loss record 41 of 43
==2096087==    at 0x4848899: malloc (in /usr/libexec/valgrind/vgpreload_memcheck-amd64-linux.so)
==2096087==    by 0x40CF2D: ft_lstnew (in /home/ravazque/Desktop/otherProjects/minirt/miniRT)
==2096087==    by 0x40BE35: list_of_float_checker (in /home/ravazque/Desktop/otherProjects/minirt/miniRT)
==2096087==    by 0x40AEFD: object_parser (in /home/ravazque/Desktop/otherProjects/minirt/miniRT)
==2096087==    by 0x409DD7: primitive_escene_t_asignation (in /home/ravazque/Desktop/otherProjects/minirt/miniRT)
==2096087==    by 0x40B96B: escene_primiteve_contructor (in /home/ravazque/Desktop/otherProjects/minirt/miniRT)
==2096087==    by 0x40536D: escene_constructor (in /home/ravazque/Desktop/otherProjects/minirt/miniRT)
==2096087==    by 0x4067E6: main (in /home/ravazque/Desktop/otherProjects/minirt/miniRT)
==2096087== 
==2096087== 48 bytes in 3 blocks are still reachable in loss record 42 of 43
==2096087==    at 0x4848899: malloc (in /usr/libexec/valgrind/vgpreload_memcheck-amd64-linux.so)
==2096087==    by 0x40CF2D: ft_lstnew (in /home/ravazque/Desktop/otherProjects/minirt/miniRT)
==2096087==    by 0x40BDB1: list_of_float_checker (in /home/ravazque/Desktop/otherProjects/minirt/miniRT)
==2096087==    by 0x40B416: object_parser (in /home/ravazque/Desktop/otherProjects/minirt/miniRT)
==2096087==    by 0x409DD7: primitive_escene_t_asignation (in /home/ravazque/Desktop/otherProjects/minirt/miniRT)
==2096087==    by 0x40B96B: escene_primiteve_contructor (in /home/ravazque/Desktop/otherProjects/minirt/miniRT)
==2096087==    by 0x40536D: escene_constructor (in /home/ravazque/Desktop/otherProjects/minirt/miniRT)
==2096087==    by 0x4067E6: main (in /home/ravazque/Desktop/otherProjects/minirt/miniRT)
==2096087== 
==2096087== 217 bytes in 1 blocks are still reachable in loss record 43 of 43
==2096087==    at 0x4848899: malloc (in /usr/libexec/valgrind/vgpreload_memcheck-amd64-linux.so)
==2096087==    by 0x40CCAC: ft_calloc (in /home/ravazque/Desktop/otherProjects/minirt/miniRT)
==2096087==    by 0x4067D5: main (in /home/ravazque/Desktop/otherProjects/minirt/miniRT)
==2096087== 
==2096087== LEAK SUMMARY:
==2096087==    definitely lost: 0 bytes in 0 blocks
==2096087==    indirectly lost: 0 bytes in 0 blocks
==2096087==      possibly lost: 0 bytes in 0 blocks
==2096087==    still reachable: 975 bytes in 67 blocks
==2096087==         suppressed: 0 bytes in 0 blocks
==2096087== 
==2096087== ERROR SUMMARY: 0 errors from 0 contexts (suppressed: 0 from 0)
