==149792== Memcheck, a memory error detector
==149792== Copyright (C) 2002-2024, and GNU GPL'd, by Julian Seward et al.
==149792== Using Valgrind-3.25.1-4441567fbe-20250520 and LibVEX; rerun with -h for copyright info
==149792== Command: ./miniRT /tmp/tmp.b7aHHpCXuG.rt
==149792== Parent PID: 149791
==149792== 
--149792-- 
--149792-- Valgrind options:
--149792--    --leak-check=full
--149792--    --show-leak-kinds=all
--149792--    --track-origins=yes
--149792--    --verbose
--149792--    --log-file=outs_valgrind/035_empty_file_valgrind.log
--149792-- Contents of /proc/version:
--149792--   Linux version 6.18.1-2-cachyos (linux-cachyos@cachyos) (clang version 21.1.6, LLD 21.1.6) #1 SMP PREEMPT_DYNAMIC Sat, 13 Dec 2025 20:30:10 +0000
--149792-- 
--149792-- Arch and hwcaps: AMD64, LittleEndian, amd64-cx16-lzcnt-rdtscp-sse3-ssse3-avx-avx2-bmi-f16c-rdrand-rdseed-fma
--149792-- Page sizes: currently 4096, max supported 4096
--149792-- Valgrind library directory: /usr/lib/valgrind
--149792-- Reading syms from /home/ravazque/Desktop/42_Madrid/miniRT/miniRT
--149792-- Reading syms from /usr/lib/ld-linux-x86-64.so.2
--149792--   Considering /usr/lib/debug/.build-id/83/d817a56715981a1e3d2aa20c45638d696380bf.debug ..
--149792--   .. build-id is valid
--149792-- Reading syms from /usr/lib/valgrind/memcheck-amd64-linux
--149792--    object doesn't have a dynamic symbol table
--149792-- Scheduler: using generic scheduler lock implementation.
--149792-- Reading suppressions file: /usr/lib/valgrind/default.supp
==149792== embedded gdbserver: reading from /tmp/vgdb-pipe-from-vgdb-to-149792-by-ravazque-on-???
==149792== embedded gdbserver: writing to   /tmp/vgdb-pipe-to-vgdb-from-149792-by-ravazque-on-???
==149792== embedded gdbserver: shared mem   /tmp/vgdb-pipe-shared-mem-vgdb-149792-by-ravazque-on-???
==149792== 
==149792== TO CONTROL THIS PROCESS USING vgdb (which you probably
==149792== don't want to do, unless you know exactly what you're doing,
==149792== or are doing some strange experiment):
==149792==   /usr/lib/valgrind/../../bin/vgdb --pid=149792 ...command...
==149792== 
==149792== TO DEBUG THIS PROCESS USING GDB: start GDB like this
==149792==   /path/to/gdb ./miniRT
==149792== and then give GDB the following command
==149792==   target remote | /usr/lib/valgrind/../../bin/vgdb --pid=149792
==149792== --pid is optional if only one valgrind process is running
==149792== 
==149792== Downloading debug info for /usr/lib/valgrind/memcheck-amd64-linux...
--149792--   Considering /home/ravazque/.cache/debuginfod_client/8d279641f46a02e8c23cb43e60fa4b054362e8f5/debuginfo ..
--149792--   .. CRC is valid
==149792== Successfully downloaded debug file for /usr/lib/valgrind/memcheck-amd64-linux
--149792-- Warning: cross-CU LIMITATION: some inlined fn names
--149792-- might be shown as UnknownInlinedFun
--149792-- REDIR: 0x4045a60 (ld-linux-x86-64.so.2:strlen) redirected to 0x582e9267 (vgPlain_amd64_linux_REDIR_FOR_strlen)
--149792-- REDIR: 0x4045500 (ld-linux-x86-64.so.2:strcmp) redirected to 0x582e9281 (vgPlain_amd64_linux_REDIR_FOR_strcmp)
--149792-- REDIR: 0x40452c0 (ld-linux-x86-64.so.2:index) redirected to 0x582e92ba (vgPlain_amd64_linux_REDIR_FOR_index)
--149792-- REDIR: 0x40448e0 (ld-linux-x86-64.so.2:bcmp) redirected to 0x582e929c (vgPlain_amd64_linux_REDIR_FOR_memcmp)
--149792-- Reading syms from /usr/lib/valgrind/vgpreload_core-amd64-linux.so
--149792-- Reading syms from /usr/lib/valgrind/vgpreload_memcheck-amd64-linux.so
==149792== WARNING: new redirection conflicts with existing -- ignoring it
--149792--     old: 0x04045500 (strcmp              ) R-> (0000.0) 0x582e9281 vgPlain_amd64_linux_REDIR_FOR_strcmp
==149792== Downloading debug info for /usr/lib/valgrind/vgpreload_memcheck-amd64-linux.so...
--149792--   Considering /home/ravazque/.cache/debuginfod_client/e89a830393eeef9069d19f88684958a980696292/debuginfo ..
--149792--   .. CRC is valid
==149792== Successfully downloaded debug file for /usr/lib/valgrind/vgpreload_memcheck-amd64-linux.so
--149792--     new: 0x04045500 (strcmp              ) R-> (2016.0) 0x04873290 strcmp
==149792== WARNING: new redirection conflicts with existing -- ignoring it
--149792--     old: 0x04045a60 (strlen              ) R-> (0000.0) 0x582e9267 vgPlain_amd64_linux_REDIR_FOR_strlen
--149792--     new: 0x04045a60 (strlen              ) R-> (2007.0) 0x04870990 strlen
--149792-- REDIR: 0x4044ce0 (ld-linux-x86-64.so.2:mempcpy) redirected to 0x4883a30 (mempcpy)
--149792-- Reading syms from /usr/lib/libXext.so.6.4.0
--149792-- Reading syms from /usr/lib/libX11.so.6.4.0
--149792-- Reading syms from /usr/lib/libm.so.6
--149792-- Reading syms from /usr/lib/libz.so.1.3.1.zlib-ng
--149792-- Reading syms from /usr/lib/libc.so.6
--149792--   Considering /usr/lib/debug/.build-id/33/141ef99aedd072bb910451a386a13eaf504222.debug ..
--149792--   .. build-id is valid
--149792-- Reading syms from /usr/lib/libxcb.so.1.1.0
--149792-- Reading syms from /usr/lib/libXau.so.6.0.0
--149792-- Reading syms from /usr/lib/libXdmcp.so.6.0.0
--149792-- REDIR: 0x4045be0 (ld-linux-x86-64.so.2:strncmp) redirected to 0x48728e0 (strncmp)
==149792== Downloading debug info for /usr/lib/valgrind/vgpreload_core-amd64-linux.so...
--149792--   Considering /home/ravazque/.cache/debuginfod_client/de7c8e42f2eaa2fa08b346d8d01c1166d5cc5bf0/debuginfo ..
--149792--   .. CRC is valid
==149792== Successfully downloaded debug file for /usr/lib/valgrind/vgpreload_core-amd64-linux.so
--149792-- REDIR: 0x4c15780 (libc.so.6:strncasecmp) redirected to 0x485b1a0 (_vgnU_ifunc_wrapper)
--149792-- REDIR: 0x4c12150 (libc.so.6:mempcpy) redirected to 0x485b1a0 (_vgnU_ifunc_wrapper)
--149792-- REDIR: 0x4c1f1b0 (libc.so.6:wcpncpy) redirected to 0x485b1a0 (_vgnU_ifunc_wrapper)
--149792-- REDIR: 0x4c123c0 (libc.so.6:stpcpy) redirected to 0x485b1a0 (_vgnU_ifunc_wrapper)
--149792-- REDIR: 0x4c9b810 (libc.so.6:__memmove_chk) redirected to 0x485b1a0 (_vgnU_ifunc_wrapper)
--149792-- REDIR: 0x4c33c90 (libc.so.6:wmemcmp) redirected to 0x485b1a0 (_vgnU_ifunc_wrapper)
--149792-- REDIR: 0x4c12ea0 (libc.so.6:strcat) redirected to 0x485b1a0 (_vgnU_ifunc_wrapper)
--149792-- REDIR: 0x4c112c0 (libc.so.6:memcpy@@GLIBC_2.14) redirected to 0x485b1a0 (_vgnU_ifunc_wrapper)
--149792-- REDIR: 0x4c21ec0 (libc.so.6:wcsncpy) redirected to 0x485b1a0 (_vgnU_ifunc_wrapper)
--149792-- REDIR: 0x4c9b750 (libc.so.6:__memcpy_chk) redirected to 0x485b1a0 (_vgnU_ifunc_wrapper)
==149792== WARNING: new redirection conflicts with existing -- ignoring it
--149792--     old: 0x04ceb490 (__memcpy_chk_avx_una) R-> (2024.0) 0x048822c0 __memmove_chk
--149792--     new: 0x04ceb490 (__memcpy_chk_avx_una) R-> (2030.0) 0x04883df0 __memcpy_chk
--149792-- REDIR: 0x4c216b0 (libc.so.6:wcslen) redirected to 0x485b1a0 (_vgnU_ifunc_wrapper)
--149792-- REDIR: 0x4c12250 (libc.so.6:memset) redirected to 0x485b1a0 (_vgnU_ifunc_wrapper)
--149792-- REDIR: 0x4c21ef0 (libc.so.6:wcsnlen) redirected to 0x485b1a0 (_vgnU_ifunc_wrapper)
--149792-- REDIR: 0x4c15910 (libc.so.6:strnlen) redirected to 0x485b1a0 (_vgnU_ifunc_wrapper)
--149792-- REDIR: 0x4c15950 (libc.so.6:strpbrk) redirected to 0x485b1a0 (_vgnU_ifunc_wrapper)
--149792-- REDIR: 0x4c12f60 (libc.so.6:strcmp) redirected to 0x485b1a0 (_vgnU_ifunc_wrapper)
--149792-- REDIR: 0x4c12210 (libc.so.6:memrchr) redirected to 0x485b1a0 (_vgnU_ifunc_wrapper)
--149792-- REDIR: 0x4c1f720 (libc.so.6:wcschr) redirected to 0x485b1a0 (_vgnU_ifunc_wrapper)
--149792-- REDIR: 0x4c12ee0 (libc.so.6:index) redirected to 0x485b1a0 (_vgnU_ifunc_wrapper)
--149792-- REDIR: 0x4c15960 (libc.so.6:rindex) redirected to 0x485b1a0 (_vgnU_ifunc_wrapper)
--149792-- REDIR: 0x4c1f780 (libc.so.6:wcscmp) redirected to 0x485b1a0 (_vgnU_ifunc_wrapper)
--149792-- REDIR: 0x4c12400 (libc.so.6:stpncpy) redirected to 0x485b1a0 (_vgnU_ifunc_wrapper)
--149792-- REDIR: 0x4c33c40 (libc.so.6:wmemchr) redirected to 0x485b1a0 (_vgnU_ifunc_wrapper)
--149792-- REDIR: 0x4c15840 (libc.so.6:strncmp) redirected to 0x485b1a0 (_vgnU_ifunc_wrapper)
--149792-- REDIR: 0x4c12440 (libc.so.6:strcasecmp) redirected to 0x485b1a0 (_vgnU_ifunc_wrapper)
--149792-- REDIR: 0x4c14c20 (libc.so.6:strcspn) redirected to 0x485b1a0 (_vgnU_ifunc_wrapper)
--149792-- REDIR: 0x4c157c0 (libc.so.6:strncasecmp_l) redirected to 0x485b1a0 (_vgnU_ifunc_wrapper)
--149792-- REDIR: 0x4c12f20 (libc.so.6:strchrnul) redirected to 0x485b1a0 (_vgnU_ifunc_wrapper)
--149792-- REDIR: 0x4c11240 (libc.so.6:bcmp) redirected to 0x485b1a0 (_vgnU_ifunc_wrapper)
--149792-- REDIR: 0x4c14be0 (libc.so.6:strcpy) redirected to 0x485b1a0 (_vgnU_ifunc_wrapper)
--149792-- REDIR: 0x4c12480 (libc.so.6:strcasecmp_l) redirected to 0x485b1a0 (_vgnU_ifunc_wrapper)
--149792-- REDIR: 0x4c15740 (libc.so.6:strlen) redirected to 0x485b1a0 (_vgnU_ifunc_wrapper)
--149792-- REDIR: 0x4c15880 (libc.so.6:strncpy) redirected to 0x485b1a0 (_vgnU_ifunc_wrapper)
--149792-- REDIR: 0x4c12090 (libc.so.6:memmove) redirected to 0x485b1a0 (_vgnU_ifunc_wrapper)
==149792== Preferring higher priority redirection:
--149792--     old: 0x04ceb4c0 (__memcpy_avx_unalign) R-> (2018.0) 0x04878890 __memcpy_avx_unaligned_erms
--149792--     new: 0x04ceb4c0 (__memcpy_avx_unalign) R-> (2018.1) 0x0487ee70 memmove
--149792-- REDIR: 0x4c111f0 (libc.so.6:memchr) redirected to 0x485b1a0 (_vgnU_ifunc_wrapper)
--149792-- REDIR: 0x4c15b20 (libc.so.6:strspn) redirected to 0x485b1a0 (_vgnU_ifunc_wrapper)
==149792== WARNING: new redirection conflicts with existing -- ignoring it
--149792--     old: 0x04ceb490 (__memcpy_chk_avx_una) R-> (2024.0) 0x048822c0 __memmove_chk
--149792--     new: 0x04ceb490 (__memcpy_chk_avx_una) R-> (2030.0) 0x04883df0 __memcpy_chk
==149792== WARNING: new redirection conflicts with existing -- ignoring it
--149792--     old: 0x04ceb490 (__memcpy_chk_avx_una) R-> (2024.0) 0x048822c0 __memmove_chk
--149792--     new: 0x04ceb490 (__memcpy_chk_avx_una) R-> (2030.0) 0x04883df0 __memcpy_chk
==149792== WARNING: new redirection conflicts with existing -- ignoring it
--149792--     old: 0x04ceb490 (__memcpy_chk_avx_una) R-> (2024.0) 0x048822c0 __memmove_chk
--149792--     new: 0x04ceb490 (__memcpy_chk_avx_una) R-> (2030.0) 0x04883df0 __memcpy_chk
--149792-- REDIR: 0x4c16ae0 (libc.so.6:strstr) redirected to 0x485b1a0 (_vgnU_ifunc_wrapper)
--149792-- REDIR: 0x4cf00f0 (libc.so.6:__strrchr_avx2) redirected to 0x486f900 (rindex)
--149792-- REDIR: 0x4c0cfa0 (libc.so.6:malloc) redirected to 0x4866760 (malloc)
==149792== Downloading debug info for /usr/lib/libX11.so.6.4.0...
--149792--   Considering /home/ravazque/.cache/debuginfod_client/038bd1c12b223dc2d57c9df226407ec7dcb011e9/debuginfo ..
--149792--   .. CRC is valid
==149792== Successfully downloaded debug file for /usr/lib/libX11.so.6.4.0
--149792-- REDIR: 0x4c0e1d0 (libc.so.6:calloc) redirected to 0x486de70 (calloc)
==149792== Downloading debug info for /home/ravazque/Desktop/42_Madrid/miniRT/miniRT...
==149792== Server query failed: No such file or directory
--149792-- REDIR: 0x4cee240 (libc.so.6:__strlen_avx2) redirected to 0x4870870 (strlen)
--149792-- REDIR: 0x4c0d610 (libc.so.6:free) redirected to 0x4869930 (free)
==149792== 
==149792== HEAP SUMMARY:
==149792==     in use at exit: 217 bytes in 1 blocks
==149792==   total heap usage: 14 allocs, 13 frees, 1,521 bytes allocated
==149792== 
==149792== Searching for pointers to 1 not-freed blocks
==149792== Checked 131,632 bytes
==149792== 
==149792== 217 bytes in 1 blocks are still reachable in loss record 1 of 1
==149792==    at 0x486DF23: calloc (vg_replace_malloc.c:1675)
==149792==    by 0x400F7C1: ft_calloc (in /home/ravazque/Desktop/42_Madrid/miniRT/miniRT)
==149792==    by 0x400257B: main (in /home/ravazque/Desktop/42_Madrid/miniRT/miniRT)
==149792== 
==149792== LEAK SUMMARY:
==149792==    definitely lost: 0 bytes in 0 blocks
==149792==    indirectly lost: 0 bytes in 0 blocks
==149792==      possibly lost: 0 bytes in 0 blocks
==149792==    still reachable: 217 bytes in 1 blocks
==149792==         suppressed: 0 bytes in 0 blocks
==149792== 
==149792== ERROR SUMMARY: 0 errors from 0 contexts (suppressed: 0 from 0)
