[001] invalid_all_letters                      HAS LEAKS (leaked: 18 bytes)
[002] invalid_all                              HAS LEAKS (leaked: 36 bytes)
[003] invalid_ambience                         NO LEAKS (leaked: 0 bytes)
[004] invalid_ambient_color_high               HAS LEAKS (leaked: 9 bytes)
[005] invalid_ambient_color_low                HAS LEAKS (leaked: 9 bytes)
[006] invalid_ambient_ratio_high               HAS LEAKS (leaked: 9 bytes)
[007] invalid_ambient_ratio_low                HAS LEAKS (leaked: 9 bytes)
[008] invalid_camera_fov_high                  NO LEAKS (leaked: 0 bytes)
[009] invalid_camera_fov_low                   NO LEAKS (leaked: 0 bytes)
[010] invalid_camera                           NO LEAKS (leaked: 0 bytes)
[011] invalid_color_format                     NO LEAKS (leaked: 0 bytes)
[012] invalid_cylinder_diameter_letters        HAS LEAKS (leaked: 9 bytes)
[013] invalid_cylinder_height_letters          HAS LEAKS (leaked: 9 bytes)
[014] invalid_letters                          NO LEAKS (leaked: 0 bytes)
[015] invalid_light_brightness_high            HAS LEAKS (leaked: 9 bytes)
[016] invalid_light_brightness_low             HAS LEAKS (leaked: 9 bytes)
[017] invalid_lights                           NO LEAKS (leaked: 0 bytes)
[018] invalid_missing_args_cylinder            HAS LEAKS (leaked: 9 bytes)
[019] invalid_missing_args_plane               HAS LEAKS (leaked: 9 bytes)
[020] invalid_missing_args_sphere              HAS LEAKS (leaked: 9 bytes)
[021] invalid_mixed_errors                     HAS LEAKS (leaked: 27 bytes)
[022] invalid_multiple_ambient                 NO LEAKS (leaked: 0 bytes)
[023] invalid_multiple_camera                  NO LEAKS (leaked: 0 bytes)
[024] invalid_objects                          HAS LEAKS (leaked: 18 bytes)
[025] invalid_plane_normal_high                HAS LEAKS (leaked: 9 bytes)
[026] invalid_plane_normal_low                 HAS LEAKS (leaked: 9 bytes)
[027] invalid_position_format                  HAS LEAKS (leaked: 9 bytes)
[028] invalid_sphere_color_high                HAS LEAKS (leaked: 18 bytes)
[029] invalid_sphere_diameter_letters          HAS LEAKS (leaked: 9 bytes)
[030] invalid_unknown_element                  NO LEAKS (leaked: 0 bytes)
[031] no_extension                             HAS LEAKS (leaked: 36 bytes)
[032] nonexistent                              NO LEAKS (leaked: 0 bytes)
[033] is_directory                             NO LEAKS (leaked: 0 bytes)
[034] no_arguments                             NO LEAKS (leaked: 0 bytes)
[035] empty_file                               HAS LEAKS (leaked: 9 bytes)
[036] no_rt_extension                          NO LEAKS (leaked: 0 bytes)

========================================
RESUMEN FINAL VALGRIND
========================================
Total de tests:     36
Sin memory leaks:   14
Con memory leaks:   22
Porcentaje sin leaks: 38%
